{"/home/men3em/Documents/projects/academic-portal/academic-portal/backend/server.js": {"path":"/home/men3em/Documents/projects/academic-portal/academic-portal/backend/server.js","statementMap":{"0":{"start":{"line":1,"column":16},"end":{"line":1,"column":34}},"1":{"start":{"line":2,"column":13},"end":{"line":2,"column":28}},"2":{"start":{"line":3,"column":15},"end":{"line":3,"column":32}},"3":{"start":{"line":4,"column":13},"end":{"line":4,"column":28}},"4":{"start":{"line":5,"column":0},"end":{"line":5,"column":27}},"5":{"start":{"line":6,"column":11},"end":{"line":6,"column":24}},"6":{"start":{"line":8,"column":15},"end":{"line":8,"column":40}},"7":{"start":{"line":12,"column":0},"end":{"line":20,"column":1}},"8":{"start":{"line":13,"column":2},"end":{"line":13,"column":35}},"9":{"start":{"line":14,"column":2},"end":{"line":18,"column":5}},"10":{"start":{"line":19,"column":2},"end":{"line":19,"column":66}},"11":{"start":{"line":23,"column":25},"end":{"line":23,"column":39}},"12":{"start":{"line":24,"column":0},"end":{"line":26,"column":1}},"13":{"start":{"line":25,"column":2},"end":{"line":25,"column":40}},"14":{"start":{"line":27,"column":0},"end":{"line":32,"column":1}},"15":{"start":{"line":28,"column":2},"end":{"line":31,"column":3}},"16":{"start":{"line":29,"column":4},"end":{"line":29,"column":81}},"17":{"start":{"line":30,"column":4},"end":{"line":30,"column":20}},"18":{"start":{"line":34,"column":21},"end":{"line":34,"column":53}},"19":{"start":{"line":35,"column":20},"end":{"line":35,"column":51}},"20":{"start":{"line":36,"column":20},"end":{"line":36,"column":51}},"21":{"start":{"line":37,"column":23},"end":{"line":37,"column":57}},"22":{"start":{"line":38,"column":22},"end":{"line":38,"column":55}},"23":{"start":{"line":39,"column":22},"end":{"line":39,"column":55}},"24":{"start":{"line":40,"column":24},"end":{"line":40,"column":59}},"25":{"start":{"line":41,"column":27},"end":{"line":41,"column":65}},"26":{"start":{"line":42,"column":25},"end":{"line":42,"column":61}},"27":{"start":{"line":43,"column":27},"end":{"line":43,"column":65}},"28":{"start":{"line":44,"column":20},"end":{"line":44,"column":51}},"29":{"start":{"line":45,"column":27},"end":{"line":45,"column":65}},"30":{"start":{"line":46,"column":27},"end":{"line":46,"column":65}},"31":{"start":{"line":47,"column":21},"end":{"line":47,"column":53}},"32":{"start":{"line":48,"column":19},"end":{"line":48,"column":49}},"33":{"start":{"line":49,"column":29},"end":{"line":49,"column":69}},"34":{"start":{"line":50,"column":23},"end":{"line":50,"column":57}},"35":{"start":{"line":51,"column":32},"end":{"line":51,"column":67}},"36":{"start":{"line":52,"column":28},"end":{"line":52,"column":57}},"37":{"start":{"line":53,"column":17},"end":{"line":53,"column":45}},"38":{"start":{"line":54,"column":19},"end":{"line":54,"column":49}},"39":{"start":{"line":55,"column":25},"end":{"line":55,"column":61}},"40":{"start":{"line":56,"column":21},"end":{"line":56,"column":53}},"41":{"start":{"line":67,"column":4},"end":{"line":67,"column":39}},"42":{"start":{"line":69,"column":12},"end":{"line":69,"column":21}},"43":{"start":{"line":70,"column":13},"end":{"line":70,"column":37}},"44":{"start":{"line":73,"column":0},"end":{"line":73,"column":26}},"45":{"start":{"line":76,"column":17},"end":{"line":92,"column":2}},"46":{"start":{"line":79,"column":21},"end":{"line":79,"column":46}},"47":{"start":{"line":82,"column":19},"end":{"line":87,"column":5}},"48":{"start":{"line":88,"column":19},"end":{"line":90,"column":5}},"49":{"start":{"line":93,"column":0},"end":{"line":93,"column":18}},"50":{"start":{"line":96,"column":23},"end":{"line":103,"column":1}},"51":{"start":{"line":105,"column":0},"end":{"line":107,"column":1}},"52":{"start":{"line":106,"column":2},"end":{"line":106,"column":48}},"53":{"start":{"line":109,"column":24},"end":{"line":115,"column":1}},"54":{"start":{"line":110,"column":2},"end":{"line":110,"column":27}},"55":{"start":{"line":110,"column":15},"end":{"line":110,"column":27}},"56":{"start":{"line":111,"column":2},"end":{"line":114,"column":5}},"57":{"start":{"line":112,"column":4},"end":{"line":112,"column":63}},"58":{"start":{"line":112,"column":35},"end":{"line":112,"column":63}},"59":{"start":{"line":113,"column":4},"end":{"line":113,"column":30}},"60":{"start":{"line":117,"column":20},"end":{"line":130,"column":1}},"61":{"start":{"line":119,"column":4},"end":{"line":124,"column":5}},"62":{"start":{"line":120,"column":6},"end":{"line":120,"column":27}},"63":{"start":{"line":122,"column":6},"end":{"line":122,"column":46}},"64":{"start":{"line":123,"column":6},"end":{"line":123,"column":49}},"65":{"start":{"line":133,"column":0},"end":{"line":148,"column":4}},"66":{"start":{"line":149,"column":0},"end":{"line":149,"column":27}},"67":{"start":{"line":150,"column":0},"end":{"line":150,"column":41}},"68":{"start":{"line":151,"column":0},"end":{"line":151,"column":63}},"69":{"start":{"line":154,"column":0},"end":{"line":154,"column":33}},"70":{"start":{"line":157,"column":0},"end":{"line":157,"column":51}},"71":{"start":{"line":158,"column":0},"end":{"line":158,"column":47}},"72":{"start":{"line":159,"column":0},"end":{"line":159,"column":49}},"73":{"start":{"line":160,"column":0},"end":{"line":160,"column":63}},"74":{"start":{"line":161,"column":0},"end":{"line":161,"column":52}},"75":{"start":{"line":162,"column":0},"end":{"line":162,"column":69}},"76":{"start":{"line":163,"column":0},"end":{"line":163,"column":72}},"77":{"start":{"line":165,"column":0},"end":{"line":167,"column":1}},"78":{"start":{"line":166,"column":2},"end":{"line":166,"column":26}},"79":{"start":{"line":170,"column":12},"end":{"line":170,"column":35}},"80":{"start":{"line":171,"column":0},"end":{"line":189,"column":52}},"81":{"start":{"line":172,"column":16},"end":{"line":172,"column":84}},"82":{"start":{"line":173,"column":2},"end":{"line":175,"column":3}},"83":{"start":{"line":174,"column":4},"end":{"line":174,"column":88}},"84":{"start":{"line":176,"column":2},"end":{"line":180,"column":3}},"85":{"start":{"line":177,"column":4},"end":{"line":177,"column":46}},"86":{"start":{"line":179,"column":4},"end":{"line":179,"column":73}},"87":{"start":{"line":182,"column":24},"end":{"line":182,"column":79}},"88":{"start":{"line":183,"column":22},"end":{"line":183,"column":67}},"89":{"start":{"line":184,"column":2},"end":{"line":186,"column":3}},"90":{"start":{"line":185,"column":4},"end":{"line":185,"column":62}},"91":{"start":{"line":188,"column":2},"end":{"line":188,"column":9}},"92":{"start":{"line":192,"column":0},"end":{"line":192,"column":43}},"93":{"start":{"line":193,"column":30},"end":{"line":193,"column":59}},"94":{"start":{"line":194,"column":0},"end":{"line":194,"column":97}},"95":{"start":{"line":195,"column":0},"end":{"line":195,"column":45}},"96":{"start":{"line":196,"column":0},"end":{"line":196,"column":44}},"97":{"start":{"line":197,"column":0},"end":{"line":197,"column":47}},"98":{"start":{"line":198,"column":0},"end":{"line":198,"column":51}},"99":{"start":{"line":199,"column":0},"end":{"line":199,"column":47}},"100":{"start":{"line":200,"column":0},"end":{"line":200,"column":45}},"101":{"start":{"line":201,"column":0},"end":{"line":201,"column":49}},"102":{"start":{"line":202,"column":0},"end":{"line":202,"column":44}},"103":{"start":{"line":203,"column":0},"end":{"line":203,"column":46}},"104":{"start":{"line":205,"column":0},"end":{"line":205,"column":61}},"105":{"start":{"line":206,"column":0},"end":{"line":206,"column":36}},"106":{"start":{"line":207,"column":0},"end":{"line":207,"column":35}},"107":{"start":{"line":208,"column":0},"end":{"line":208,"column":65}},"108":{"start":{"line":209,"column":0},"end":{"line":209,"column":61}},"109":{"start":{"line":210,"column":0},"end":{"line":210,"column":39}},"110":{"start":{"line":211,"column":0},"end":{"line":211,"column":66}},"111":{"start":{"line":212,"column":0},"end":{"line":212,"column":50}},"112":{"start":{"line":213,"column":0},"end":{"line":213,"column":69}},"113":{"start":{"line":214,"column":0},"end":{"line":214,"column":59}},"114":{"start":{"line":215,"column":0},"end":{"line":215,"column":36}},"115":{"start":{"line":216,"column":0},"end":{"line":216,"column":36}},"116":{"start":{"line":217,"column":0},"end":{"line":217,"column":47}},"117":{"start":{"line":218,"column":0},"end":{"line":218,"column":52}},"118":{"start":{"line":219,"column":0},"end":{"line":219,"column":43}},"119":{"start":{"line":220,"column":0},"end":{"line":220,"column":47}},"120":{"start":{"line":221,"column":0},"end":{"line":221,"column":42}},"121":{"start":{"line":222,"column":0},"end":{"line":222,"column":51}},"122":{"start":{"line":223,"column":0},"end":{"line":223,"column":37}},"123":{"start":{"line":225,"column":17},"end":{"line":225,"column":45}},"124":{"start":{"line":226,"column":0},"end":{"line":226,"column":29}},"125":{"start":{"line":228,"column":26},"end":{"line":228,"column":63}},"126":{"start":{"line":229,"column":0},"end":{"line":229,"column":48}},"127":{"start":{"line":231,"column":17},"end":{"line":231,"column":45}},"128":{"start":{"line":232,"column":0},"end":{"line":232,"column":29}},"129":{"start":{"line":235,"column":0},"end":{"line":264,"column":3}},"130":{"start":{"line":236,"column":17},"end":{"line":243,"column":3}},"131":{"start":{"line":245,"column":2},"end":{"line":252,"column":3}},"132":{"start":{"line":246,"column":15},"end":{"line":246,"column":43}},"133":{"start":{"line":247,"column":4},"end":{"line":247,"column":31}},"134":{"start":{"line":248,"column":4},"end":{"line":248,"column":34}},"135":{"start":{"line":250,"column":4},"end":{"line":250,"column":31}},"136":{"start":{"line":251,"column":4},"end":{"line":251,"column":74}},"137":{"start":{"line":254,"column":2},"end":{"line":260,"column":3}},"138":{"start":{"line":255,"column":22},"end":{"line":255,"column":46}},"139":{"start":{"line":256,"column":4},"end":{"line":256,"column":23}},"140":{"start":{"line":257,"column":4},"end":{"line":257,"column":31}},"141":{"start":{"line":259,"column":4},"end":{"line":259,"column":76}},"142":{"start":{"line":262,"column":21},"end":{"line":262,"column":55}},"143":{"start":{"line":263,"column":2},"end":{"line":263,"column":38}},"144":{"start":{"line":266,"column":0},"end":{"line":273,"column":3}},"145":{"start":{"line":267,"column":2},"end":{"line":272,"column":5}},"146":{"start":{"line":275,"column":0},"end":{"line":302,"column":1}},"147":{"start":{"line":276,"column":2},"end":{"line":301,"column":5}},"148":{"start":{"line":277,"column":21},"end":{"line":277,"column":34}},"149":{"start":{"line":279,"column":4},"end":{"line":300,"column":5}},"150":{"start":{"line":280,"column":6},"end":{"line":293,"column":7}},"151":{"start":{"line":281,"column":8},"end":{"line":284,"column":11}},"152":{"start":{"line":286,"column":8},"end":{"line":292,"column":11}},"153":{"start":{"line":294,"column":21},"end":{"line":294,"column":53}},"154":{"start":{"line":295,"column":6},"end":{"line":295,"column":23}},"155":{"start":{"line":296,"column":6},"end":{"line":296,"column":56}},"156":{"start":{"line":298,"column":6},"end":{"line":298,"column":33}},"157":{"start":{"line":298,"column":16},"end":{"line":298,"column":33}},"158":{"start":{"line":299,"column":6},"end":{"line":299,"column":69}},"159":{"start":{"line":305,"column":0},"end":{"line":308,"column":3}},"160":{"start":{"line":306,"column":2},"end":{"line":306,"column":79}},"161":{"start":{"line":307,"column":2},"end":{"line":307,"column":55}},"162":{"start":{"line":311,"column":0},"end":{"line":313,"column":1}},"163":{"start":{"line":312,"column":2},"end":{"line":312,"column":42}},"164":{"start":{"line":316,"column":0},"end":{"line":332,"column":3}},"165":{"start":{"line":317,"column":21},"end":{"line":317,"column":56}},"166":{"start":{"line":318,"column":15},"end":{"line":318,"column":43}},"167":{"start":{"line":319,"column":18},"end":{"line":321,"column":85}},"168":{"start":{"line":323,"column":2},"end":{"line":325,"column":3}},"169":{"start":{"line":324,"column":4},"end":{"line":324,"column":80}},"170":{"start":{"line":327,"column":2},"end":{"line":331,"column":5}},"171":{"start":{"line":334,"column":15},"end":{"line":345,"column":2}},"172":{"start":{"line":335,"column":2},"end":{"line":335,"column":49}},"173":{"start":{"line":337,"column":2},"end":{"line":337,"column":31}},"174":{"start":{"line":338,"column":2},"end":{"line":338,"column":37}},"175":{"start":{"line":339,"column":2},"end":{"line":339,"column":39}},"176":{"start":{"line":340,"column":2},"end":{"line":340,"column":59}},"177":{"start":{"line":342,"column":2},"end":{"line":342,"column":64}},"178":{"start":{"line":343,"column":2},"end":{"line":343,"column":63}},"179":{"start":{"line":344,"column":2},"end":{"line":344,"column":67}},"180":{"start":{"line":347,"column":0},"end":{"line":347,"column":24}}},"fnMap":{"0":{"name":"(anonymous_0)","decl":{"start":{"line":79,"column":12},"end":{"line":79,"column":13}},"loc":{"start":{"line":79,"column":21},"end":{"line":79,"column":46}},"line":79},"1":{"name":"(anonymous_1)","decl":{"start":{"line":82,"column":9},"end":{"line":82,"column":10}},"loc":{"start":{"line":82,"column":19},"end":{"line":87,"column":5}},"line":82},"2":{"name":"(anonymous_2)","decl":{"start":{"line":88,"column":9},"end":{"line":88,"column":10}},"loc":{"start":{"line":88,"column":19},"end":{"line":90,"column":5}},"line":88},"3":{"name":"(anonymous_3)","decl":{"start":{"line":109,"column":24},"end":{"line":109,"column":25}},"loc":{"start":{"line":109,"column":36},"end":{"line":115,"column":1}},"line":109},"4":{"name":"(anonymous_4)","decl":{"start":{"line":111,"column":29},"end":{"line":111,"column":30}},"loc":{"start":{"line":111,"column":40},"end":{"line":114,"column":3}},"line":111},"5":{"name":"(anonymous_5)","decl":{"start":{"line":118,"column":10},"end":{"line":118,"column":11}},"loc":{"start":{"line":118,"column":32},"end":{"line":125,"column":3}},"line":118},"6":{"name":"(anonymous_6)","decl":{"start":{"line":171,"column":20},"end":{"line":171,"column":21}},"loc":{"start":{"line":171,"column":40},"end":{"line":189,"column":1}},"line":171},"7":{"name":"(anonymous_7)","decl":{"start":{"line":235,"column":23},"end":{"line":235,"column":24}},"loc":{"start":{"line":235,"column":43},"end":{"line":264,"column":1}},"line":235},"8":{"name":"(anonymous_8)","decl":{"start":{"line":266,"column":28},"end":{"line":266,"column":29}},"loc":{"start":{"line":266,"column":42},"end":{"line":273,"column":1}},"line":266},"9":{"name":"(anonymous_9)","decl":{"start":{"line":276,"column":26},"end":{"line":276,"column":27}},"loc":{"start":{"line":276,"column":46},"end":{"line":301,"column":3}},"line":276},"10":{"name":"(anonymous_10)","decl":{"start":{"line":305,"column":8},"end":{"line":305,"column":9}},"loc":{"start":{"line":305,"column":22},"end":{"line":308,"column":1}},"line":305},"11":{"name":"(anonymous_11)","decl":{"start":{"line":316,"column":8},"end":{"line":316,"column":9}},"loc":{"start":{"line":316,"column":33},"end":{"line":332,"column":1}},"line":316},"12":{"name":"(anonymous_12)","decl":{"start":{"line":334,"column":32},"end":{"line":334,"column":33}},"loc":{"start":{"line":334,"column":44},"end":{"line":345,"column":1}},"line":334}},"branchMap":{"0":{"loc":{"start":{"line":12,"column":0},"end":{"line":20,"column":1}},"type":"if","locations":[{"start":{"line":12,"column":0},"end":{"line":20,"column":1}},{"start":{},"end":{}}],"line":12},"1":{"loc":{"start":{"line":12,"column":4},"end":{"line":12,"column":67}},"type":"binary-expr","locations":[{"start":{"line":12,"column":4},"end":{"line":12,"column":41}},{"start":{"line":12,"column":45},"end":{"line":12,"column":67}}],"line":12},"2":{"loc":{"start":{"line":17,"column":22},"end":{"line":17,"column":78}},"type":"binary-expr","locations":[{"start":{"line":17,"column":22},"end":{"line":17,"column":71}},{"start":{"line":17,"column":75},"end":{"line":17,"column":78}}],"line":17},"3":{"loc":{"start":{"line":24,"column":0},"end":{"line":26,"column":1}},"type":"if","locations":[{"start":{"line":24,"column":0},"end":{"line":26,"column":1}},{"start":{},"end":{}}],"line":24},"4":{"loc":{"start":{"line":24,"column":4},"end":{"line":24,"column":53}},"type":"binary-expr","locations":[{"start":{"line":24,"column":4},"end":{"line":24,"column":29}},{"start":{"line":24,"column":33},"end":{"line":24,"column":53}}],"line":24},"5":{"loc":{"start":{"line":28,"column":2},"end":{"line":31,"column":3}},"type":"if","locations":[{"start":{"line":28,"column":2},"end":{"line":31,"column":3}},{"start":{},"end":{}}],"line":28},"6":{"loc":{"start":{"line":70,"column":13},"end":{"line":70,"column":37}},"type":"binary-expr","locations":[{"start":{"line":70,"column":13},"end":{"line":70,"column":29}},{"start":{"line":70,"column":33},"end":{"line":70,"column":37}}],"line":70},"7":{"loc":{"start":{"line":85,"column":14},"end":{"line":85,"column":63}},"type":"binary-expr","locations":[{"start":{"line":85,"column":14},"end":{"line":85,"column":31}},{"start":{"line":85,"column":35},"end":{"line":85,"column":55}},{"start":{"line":85,"column":59},"end":{"line":85,"column":63}}],"line":85},"8":{"loc":{"start":{"line":105,"column":0},"end":{"line":107,"column":1}},"type":"if","locations":[{"start":{"line":105,"column":0},"end":{"line":107,"column":1}},{"start":{},"end":{}}],"line":105},"9":{"loc":{"start":{"line":110,"column":2},"end":{"line":110,"column":27}},"type":"if","locations":[{"start":{"line":110,"column":2},"end":{"line":110,"column":27}},{"start":{},"end":{}}],"line":110},"10":{"loc":{"start":{"line":112,"column":4},"end":{"line":112,"column":63}},"type":"if","locations":[{"start":{"line":112,"column":4},"end":{"line":112,"column":63}},{"start":{},"end":{}}],"line":112},"11":{"loc":{"start":{"line":119,"column":4},"end":{"line":124,"column":5}},"type":"if","locations":[{"start":{"line":119,"column":4},"end":{"line":124,"column":5}},{"start":{"line":121,"column":11},"end":{"line":124,"column":5}}],"line":119},"12":{"loc":{"start":{"line":165,"column":0},"end":{"line":167,"column":1}},"type":"if","locations":[{"start":{"line":165,"column":0},"end":{"line":167,"column":1}},{"start":{},"end":{}}],"line":165},"13":{"loc":{"start":{"line":172,"column":16},"end":{"line":172,"column":84}},"type":"binary-expr","locations":[{"start":{"line":172,"column":16},"end":{"line":172,"column":31}},{"start":{"line":172,"column":35},"end":{"line":172,"column":84}}],"line":172},"14":{"loc":{"start":{"line":173,"column":2},"end":{"line":175,"column":3}},"type":"if","locations":[{"start":{"line":173,"column":2},"end":{"line":175,"column":3}},{"start":{},"end":{}}],"line":173},"15":{"loc":{"start":{"line":184,"column":2},"end":{"line":186,"column":3}},"type":"if","locations":[{"start":{"line":184,"column":2},"end":{"line":186,"column":3}},{"start":{},"end":{}}],"line":184},"16":{"loc":{"start":{"line":241,"column":13},"end":{"line":241,"column":55}},"type":"binary-expr","locations":[{"start":{"line":241,"column":13},"end":{"line":241,"column":44}},{"start":{"line":241,"column":48},"end":{"line":241,"column":55}}],"line":241},"17":{"loc":{"start":{"line":262,"column":21},"end":{"line":262,"column":55}},"type":"cond-expr","locations":[{"start":{"line":262,"column":46},"end":{"line":262,"column":49}},{"start":{"line":262,"column":52},"end":{"line":262,"column":55}}],"line":262},"18":{"loc":{"start":{"line":268,"column":20},"end":{"line":268,"column":61}},"type":"binary-expr","locations":[{"start":{"line":268,"column":20},"end":{"line":268,"column":50}},{"start":{"line":268,"column":54},"end":{"line":268,"column":61}}],"line":268},"19":{"loc":{"start":{"line":269,"column":13},"end":{"line":269,"column":42}},"type":"binary-expr","locations":[{"start":{"line":269,"column":13},"end":{"line":269,"column":36}},{"start":{"line":269,"column":40},"end":{"line":269,"column":42}}],"line":269},"20":{"loc":{"start":{"line":270,"column":19},"end":{"line":270,"column":80}},"type":"binary-expr","locations":[{"start":{"line":270,"column":19},"end":{"line":270,"column":48}},{"start":{"line":270,"column":52},"end":{"line":270,"column":80}}],"line":270},"21":{"loc":{"start":{"line":275,"column":0},"end":{"line":302,"column":1}},"type":"if","locations":[{"start":{"line":275,"column":0},"end":{"line":302,"column":1}},{"start":{},"end":{}}],"line":275},"22":{"loc":{"start":{"line":280,"column":6},"end":{"line":293,"column":7}},"type":"if","locations":[{"start":{"line":280,"column":6},"end":{"line":293,"column":7}},{"start":{"line":285,"column":13},"end":{"line":293,"column":7}}],"line":280},"23":{"loc":{"start":{"line":298,"column":6},"end":{"line":298,"column":33}},"type":"if","locations":[{"start":{"line":298,"column":6},"end":{"line":298,"column":33}},{"start":{},"end":{}}],"line":298},"24":{"loc":{"start":{"line":311,"column":0},"end":{"line":313,"column":1}},"type":"if","locations":[{"start":{"line":311,"column":0},"end":{"line":313,"column":1}},{"start":{},"end":{}}],"line":311},"25":{"loc":{"start":{"line":317,"column":21},"end":{"line":317,"column":56}},"type":"binary-expr","locations":[{"start":{"line":317,"column":21},"end":{"line":317,"column":35}},{"start":{"line":317,"column":39},"end":{"line":317,"column":49}},{"start":{"line":317,"column":53},"end":{"line":317,"column":56}}],"line":317},"26":{"loc":{"start":{"line":318,"column":15},"end":{"line":318,"column":43}},"type":"binary-expr","locations":[{"start":{"line":318,"column":15},"end":{"line":318,"column":23}},{"start":{"line":318,"column":27},"end":{"line":318,"column":43}}],"line":318},"27":{"loc":{"start":{"line":319,"column":18},"end":{"line":321,"column":85}},"type":"cond-expr","locations":[{"start":{"line":320,"column":6},"end":{"line":320,"column":17}},{"start":{"line":321,"column":7},"end":{"line":321,"column":84}}],"line":319},"28":{"loc":{"start":{"line":321,"column":7},"end":{"line":321,"column":84}},"type":"cond-expr","locations":[{"start":{"line":321,"column":47},"end":{"line":321,"column":70}},{"start":{"line":321,"column":73},"end":{"line":321,"column":84}}],"line":321},"29":{"loc":{"start":{"line":323,"column":2},"end":{"line":325,"column":3}},"type":"if","locations":[{"start":{"line":323,"column":2},"end":{"line":325,"column":3}},{"start":{},"end":{}}],"line":323},"30":{"loc":{"start":{"line":329,"column":32},"end":{"line":329,"column":100}},"type":"cond-expr","locations":[{"start":{"line":329,"column":93},"end":{"line":329,"column":95}},{"start":{"line":329,"column":98},"end":{"line":329,"column":100}}],"line":329},"31":{"loc":{"start":{"line":329,"column":32},"end":{"line":329,"column":90}},"type":"binary-expr","locations":[{"start":{"line":329,"column":32},"end":{"line":329,"column":69}},{"start":{"line":329,"column":73},"end":{"line":329,"column":90}}],"line":329},"32":{"loc":{"start":{"line":330,"column":8},"end":{"line":330,"column":69}},"type":"binary-expr","locations":[{"start":{"line":330,"column":8},"end":{"line":330,"column":45}},{"start":{"line":330,"column":49},"end":{"line":330,"column":69}}],"line":330}},"s":{"0":3,"1":3,"2":3,"3":3,"4":3,"5":3,"6":3,"7":3,"8":0,"9":0,"10":0,"11":3,"12":3,"13":0,"14":3,"15":3,"16":0,"17":0,"18":3,"19":3,"20":3,"21":3,"22":3,"23":3,"24":3,"25":3,"26":3,"27":3,"28":3,"29":3,"30":3,"31":3,"32":3,"33":3,"34":3,"35":3,"36":3,"37":3,"38":3,"39":3,"40":3,"41":3,"42":3,"43":3,"44":3,"45":3,"46":24,"47":24,"48":4,"49":3,"50":3,"51":3,"52":3,"53":3,"54":24,"55":24,"56":0,"57":0,"58":0,"59":0,"60":3,"61":24,"62":24,"63":0,"64":0,"65":3,"66":3,"67":3,"68":3,"69":3,"70":3,"71":3,"72":3,"73":3,"74":3,"75":3,"76":3,"77":3,"78":0,"79":3,"80":3,"81":0,"82":0,"83":0,"84":0,"85":0,"86":0,"87":0,"88":0,"89":0,"90":0,"91":0,"92":3,"93":3,"94":3,"95":3,"96":3,"97":3,"98":3,"99":3,"100":3,"101":3,"102":3,"103":3,"104":3,"105":3,"106":3,"107":3,"108":3,"109":3,"110":3,"111":3,"112":3,"113":3,"114":3,"115":3,"116":3,"117":3,"118":3,"119":3,"120":3,"121":3,"122":3,"123":3,"124":3,"125":3,"126":3,"127":3,"128":3,"129":3,"130":16,"131":16,"132":16,"133":16,"134":16,"135":0,"136":0,"137":16,"138":16,"139":16,"140":16,"141":0,"142":16,"143":16,"144":3,"145":0,"146":3,"147":2,"148":0,"149":0,"150":0,"151":0,"152":0,"153":0,"154":0,"155":0,"156":0,"157":0,"158":0,"159":3,"160":0,"161":0,"162":3,"163":0,"164":3,"165":0,"166":0,"167":0,"168":0,"169":0,"170":0,"171":3,"172":3,"173":3,"174":3,"175":3,"176":3,"177":3,"178":3,"179":3,"180":3},"f":{"0":24,"1":24,"2":4,"3":24,"4":0,"5":24,"6":0,"7":16,"8":0,"9":0,"10":0,"11":0,"12":3},"b":{"0":[0,3],"1":[3,1],"2":[0,0],"3":[0,3],"4":[3,0],"5":[0,3],"6":[3,0],"7":[24,24,24],"8":[3,0],"9":[24,0],"10":[0,0],"11":[24,0],"12":[0,3],"13":[0,0],"14":[0,0],"15":[0,0],"16":[16,0],"17":[16,0],"18":[0,0],"19":[0,0],"20":[0,0],"21":[2,1],"22":[0,0],"23":[0,0],"24":[0,3],"25":[0,0,0],"26":[0,0],"27":[0,0],"28":[0,0],"29":[0,0],"30":[0,0],"31":[0,0],"32":[0,0]},"_coverageSchema":"1a1c01bbd47fc00a2c39e90264f33305004495a9","hash":"da30534ffa53c59777cb1c51beb6a8833de903ec"}
,"/home/men3em/Documents/projects/academic-portal/academic-portal/backend/config/firebaseAdmin.js": {"path":"/home/men3em/Documents/projects/academic-portal/academic-portal/backend/config/firebaseAdmin.js","statementMap":{"0":{"start":{"line":1,"column":14},"end":{"line":1,"column":39}},"1":{"start":{"line":2,"column":13},"end":{"line":2,"column":28}},"2":{"start":{"line":3,"column":11},"end":{"line":3,"column":24}},"3":{"start":{"line":5,"column":27},"end":{"line":5,"column":73}},"4":{"start":{"line":6,"column":20},"end":{"line":6,"column":24}},"5":{"start":{"line":8,"column":0},"end":{"line":33,"column":1}},"6":{"start":{"line":11,"column":2},"end":{"line":18,"column":3}},"7":{"start":{"line":13,"column":23},"end":{"line":13,"column":106}},"8":{"start":{"line":14,"column":4},"end":{"line":14,"column":44}},"9":{"start":{"line":15,"column":9},"end":{"line":18,"column":3}},"10":{"start":{"line":17,"column":4},"end":{"line":17,"column":49}},"11":{"start":{"line":20,"column":2},"end":{"line":30,"column":3}},"12":{"start":{"line":21,"column":4},"end":{"line":25,"column":5}},"13":{"start":{"line":22,"column":6},"end":{"line":24,"column":9}},"14":{"start":{"line":26,"column":4},"end":{"line":26,"column":26}},"15":{"start":{"line":27,"column":4},"end":{"line":27,"column":66}},"16":{"start":{"line":29,"column":4},"end":{"line":29,"column":134}},"17":{"start":{"line":32,"column":2},"end":{"line":32,"column":75}},"18":{"start":{"line":35,"column":0},"end":{"line":35,"column":31}}},"fnMap":{},"branchMap":{"0":{"loc":{"start":{"line":11,"column":2},"end":{"line":18,"column":3}},"type":"if","locations":[{"start":{"line":11,"column":2},"end":{"line":18,"column":3}},{"start":{"line":15,"column":9},"end":{"line":18,"column":3}}],"line":11},"1":{"loc":{"start":{"line":15,"column":9},"end":{"line":18,"column":3}},"type":"if","locations":[{"start":{"line":15,"column":9},"end":{"line":18,"column":3}},{"start":{},"end":{}}],"line":15},"2":{"loc":{"start":{"line":20,"column":2},"end":{"line":30,"column":3}},"type":"if","locations":[{"start":{"line":20,"column":2},"end":{"line":30,"column":3}},{"start":{"line":28,"column":9},"end":{"line":30,"column":3}}],"line":20},"3":{"loc":{"start":{"line":21,"column":4},"end":{"line":25,"column":5}},"type":"if","locations":[{"start":{"line":21,"column":4},"end":{"line":25,"column":5}},{"start":{},"end":{}}],"line":21}},"s":{"0":3,"1":3,"2":3,"3":3,"4":3,"5":3,"6":3,"7":3,"8":3,"9":0,"10":0,"11":3,"12":3,"13":3,"14":3,"15":3,"16":0,"17":0,"18":3},"f":{},"b":{"0":[3,0],"1":[0,0],"2":[3,0],"3":[3,0]},"_coverageSchema":"1a1c01bbd47fc00a2c39e90264f33305004495a9","hash":"e7981dca363abf9a048abfc1098f0e199cf7c44c"}
,"/home/men3em/Documents/projects/academic-portal/academic-portal/backend/config/supabase.js": {"path":"/home/men3em/Documents/projects/academic-portal/academic-portal/backend/config/supabase.js","statementMap":{"0":{"start":{"line":1,"column":25},"end":{"line":1,"column":57}},"1":{"start":{"line":2,"column":15},"end":{"line":2,"column":41}},"2":{"start":{"line":4,"column":20},"end":{"line":4,"column":44}},"3":{"start":{"line":5,"column":20},"end":{"line":5,"column":57}},"4":{"start":{"line":8,"column":0},"end":{"line":18,"column":1}},"5":{"start":{"line":9,"column":2},"end":{"line":14,"column":3}},"6":{"start":{"line":10,"column":4},"end":{"line":10,"column":54}},"7":{"start":{"line":12,"column":4},"end":{"line":12,"column":20}},"8":{"start":{"line":13,"column":4},"end":{"line":13,"column":86}},"9":{"start":{"line":16,"column":2},"end":{"line":16,"column":18}},"10":{"start":{"line":17,"column":2},"end":{"line":17,"column":60}},"11":{"start":{"line":20,"column":0},"end":{"line":20,"column":26}}},"fnMap":{},"branchMap":{"0":{"loc":{"start":{"line":9,"column":2},"end":{"line":14,"column":3}},"type":"if","locations":[{"start":{"line":9,"column":2},"end":{"line":14,"column":3}},{"start":{"line":11,"column":9},"end":{"line":14,"column":3}}],"line":9},"1":{"loc":{"start":{"line":9,"column":6},"end":{"line":9,"column":32}},"type":"binary-expr","locations":[{"start":{"line":9,"column":6},"end":{"line":9,"column":17}},{"start":{"line":9,"column":21},"end":{"line":9,"column":32}}],"line":9}},"s":{"0":3,"1":3,"2":3,"3":3,"4":3,"5":3,"6":3,"7":0,"8":0,"9":0,"10":0,"11":3},"f":{},"b":{"0":[3,0],"1":[3,3]},"_coverageSchema":"1a1c01bbd47fc00a2c39e90264f33305004495a9","hash":"6a2bb2238944c7fed02324abbef7522c64008b5f"}
,"/home/men3em/Documents/projects/academic-portal/academic-portal/backend/middleware/adminLogger.js": {"path":"/home/men3em/Documents/projects/academic-portal/academic-portal/backend/middleware/adminLogger.js","statementMap":{"0":{"start":{"line":1,"column":17},"end":{"line":1,"column":46}},"1":{"start":{"line":2,"column":12},"end":{"line":2,"column":35}},"2":{"start":{"line":3,"column":15},"end":{"line":3,"column":41}},"3":{"start":{"line":11,"column":25},"end":{"line":73,"column":1}},"4":{"start":{"line":12,"column":25},"end":{"line":12,"column":93}},"5":{"start":{"line":14,"column":19},"end":{"line":64,"column":3}},"6":{"start":{"line":66,"column":2},"end":{"line":70,"column":3}},"7":{"start":{"line":67,"column":4},"end":{"line":69,"column":5}},"8":{"start":{"line":68,"column":6},"end":{"line":68,"column":60}},"9":{"start":{"line":72,"column":2},"end":{"line":72,"column":68}},"10":{"start":{"line":76,"column":23},"end":{"line":107,"column":1}},"11":{"start":{"line":77,"column":18},"end":{"line":77,"column":20}},"12":{"start":{"line":79,"column":2},"end":{"line":84,"column":3}},"13":{"start":{"line":80,"column":4},"end":{"line":80,"column":48}},"14":{"start":{"line":80,"column":19},"end":{"line":80,"column":48}},"15":{"start":{"line":81,"column":4},"end":{"line":81,"column":63}},"16":{"start":{"line":81,"column":26},"end":{"line":81,"column":63}},"17":{"start":{"line":82,"column":4},"end":{"line":82,"column":60}},"18":{"start":{"line":82,"column":25},"end":{"line":82,"column":60}},"19":{"start":{"line":83,"column":4},"end":{"line":83,"column":54}},"20":{"start":{"line":83,"column":23},"end":{"line":83,"column":54}},"21":{"start":{"line":86,"column":2},"end":{"line":104,"column":3}},"22":{"start":{"line":88,"column":21},"end":{"line":88,"column":32}},"23":{"start":{"line":89,"column":4},"end":{"line":89,"column":29}},"24":{"start":{"line":90,"column":4},"end":{"line":90,"column":32}},"25":{"start":{"line":91,"column":4},"end":{"line":91,"column":26}},"26":{"start":{"line":94,"column":4},"end":{"line":94,"column":52}},"27":{"start":{"line":94,"column":23},"end":{"line":94,"column":52}},"28":{"start":{"line":95,"column":4},"end":{"line":95,"column":55}},"29":{"start":{"line":95,"column":24},"end":{"line":95,"column":55}},"30":{"start":{"line":96,"column":4},"end":{"line":96,"column":66}},"31":{"start":{"line":96,"column":28},"end":{"line":96,"column":66}},"32":{"start":{"line":97,"column":4},"end":{"line":97,"column":69}},"33":{"start":{"line":97,"column":29},"end":{"line":97,"column":69}},"34":{"start":{"line":98,"column":4},"end":{"line":98,"column":52}},"35":{"start":{"line":98,"column":23},"end":{"line":98,"column":52}},"36":{"start":{"line":99,"column":4},"end":{"line":99,"column":73}},"37":{"start":{"line":99,"column":30},"end":{"line":99,"column":73}},"38":{"start":{"line":100,"column":4},"end":{"line":100,"column":61}},"39":{"start":{"line":100,"column":26},"end":{"line":100,"column":61}},"40":{"start":{"line":101,"column":4},"end":{"line":101,"column":55}},"41":{"start":{"line":101,"column":24},"end":{"line":101,"column":55}},"42":{"start":{"line":102,"column":4},"end":{"line":102,"column":64}},"43":{"start":{"line":102,"column":27},"end":{"line":102,"column":64}},"44":{"start":{"line":103,"column":4},"end":{"line":103,"column":87}},"45":{"start":{"line":103,"column":26},"end":{"line":103,"column":87}},"46":{"start":{"line":106,"column":2},"end":{"line":106,"column":17}},"47":{"start":{"line":113,"column":28},"end":{"line":184,"column":1}},"48":{"start":{"line":115,"column":2},"end":{"line":117,"column":3}},"49":{"start":{"line":116,"column":4},"end":{"line":116,"column":18}},"50":{"start":{"line":120,"column":2},"end":{"line":122,"column":3}},"51":{"start":{"line":121,"column":4},"end":{"line":121,"column":18}},"52":{"start":{"line":125,"column":23},"end":{"line":125,"column":41}},"53":{"start":{"line":127,"column":2},"end":{"line":181,"column":4}},"54":{"start":{"line":129,"column":4},"end":{"line":178,"column":7}},"55":{"start":{"line":130,"column":6},"end":{"line":177,"column":7}},"56":{"start":{"line":131,"column":22},"end":{"line":131,"column":73}},"57":{"start":{"line":132,"column":22},"end":{"line":132,"column":31}},"58":{"start":{"line":133,"column":24},"end":{"line":133,"column":33}},"59":{"start":{"line":134,"column":24},"end":{"line":134,"column":31}},"60":{"start":{"line":136,"column":8},"end":{"line":158,"column":9}},"61":{"start":{"line":137,"column":10},"end":{"line":157,"column":11}},"62":{"start":{"line":138,"column":28},"end":{"line":138,"column":69}},"63":{"start":{"line":139,"column":12},"end":{"line":139,"column":46}},"64":{"start":{"line":140,"column":12},"end":{"line":140,"column":48}},"65":{"start":{"line":143,"column":12},"end":{"line":154,"column":13}},"66":{"start":{"line":144,"column":14},"end":{"line":144,"column":39}},"67":{"start":{"line":147,"column":14},"end":{"line":153,"column":15}},"68":{"start":{"line":148,"column":27},"end":{"line":148,"column":56}},"69":{"start":{"line":149,"column":31},"end":{"line":149,"column":99}},"70":{"start":{"line":150,"column":16},"end":{"line":150,"column":71}},"71":{"start":{"line":152,"column":16},"end":{"line":152,"column":47}},"72":{"start":{"line":160,"column":35},"end":{"line":160,"column":80}},"73":{"start":{"line":161,"column":24},"end":{"line":161,"column":89}},"74":{"start":{"line":163,"column":8},"end":{"line":174,"column":11}},"75":{"start":{"line":176,"column":8},"end":{"line":176,"column":82}},"76":{"start":{"line":180,"column":4},"end":{"line":180,"column":30}},"77":{"start":{"line":183,"column":2},"end":{"line":183,"column":9}},"78":{"start":{"line":189,"column":22},"end":{"line":206,"column":1}},"79":{"start":{"line":190,"column":2},"end":{"line":205,"column":3}},"80":{"start":{"line":191,"column":4},"end":{"line":202,"column":7}},"81":{"start":{"line":204,"column":4},"end":{"line":204,"column":60}},"82":{"start":{"line":208,"column":0},"end":{"line":208,"column":56}}},"fnMap":{"0":{"name":"(anonymous_0)","decl":{"start":{"line":11,"column":25},"end":{"line":11,"column":26}},"loc":{"start":{"line":11,"column":43},"end":{"line":73,"column":1}},"line":11},"1":{"name":"(anonymous_1)","decl":{"start":{"line":76,"column":23},"end":{"line":76,"column":24}},"loc":{"start":{"line":76,"column":55},"end":{"line":107,"column":1}},"line":76},"2":{"name":"(anonymous_2)","decl":{"start":{"line":113,"column":28},"end":{"line":113,"column":29}},"loc":{"start":{"line":113,"column":48},"end":{"line":184,"column":1}},"line":113},"3":{"name":"(anonymous_3)","decl":{"start":{"line":127,"column":13},"end":{"line":127,"column":14}},"loc":{"start":{"line":127,"column":28},"end":{"line":181,"column":3}},"line":127},"4":{"name":"(anonymous_4)","decl":{"start":{"line":129,"column":17},"end":{"line":129,"column":18}},"loc":{"start":{"line":129,"column":29},"end":{"line":178,"column":5}},"line":129},"5":{"name":"(anonymous_5)","decl":{"start":{"line":189,"column":22},"end":{"line":189,"column":23}},"loc":{"start":{"line":189,"column":68},"end":{"line":206,"column":1}},"line":189}},"branchMap":{"0":{"loc":{"start":{"line":20,"column":88},"end":{"line":20,"column":155}},"type":"cond-expr","locations":[{"start":{"line":20,"column":108},"end":{"line":20,"column":113}},{"start":{"line":20,"column":116},"end":{"line":20,"column":155}}],"line":20},"1":{"loc":{"start":{"line":20,"column":116},"end":{"line":20,"column":155}},"type":"cond-expr","locations":[{"start":{"line":20,"column":138},"end":{"line":20,"column":146}},{"start":{"line":20,"column":149},"end":{"line":20,"column":155}}],"line":20},"2":{"loc":{"start":{"line":21,"column":68},"end":{"line":21,"column":168}},"type":"cond-expr","locations":[{"start":{"line":21,"column":88},"end":{"line":21,"column":96}},{"start":{"line":21,"column":99},"end":{"line":21,"column":168}}],"line":21},"3":{"loc":{"start":{"line":21,"column":99},"end":{"line":21,"column":168}},"type":"cond-expr","locations":[{"start":{"line":21,"column":118},"end":{"line":21,"column":126}},{"start":{"line":21,"column":129},"end":{"line":21,"column":168}}],"line":21},"4":{"loc":{"start":{"line":21,"column":129},"end":{"line":21,"column":168}},"type":"cond-expr","locations":[{"start":{"line":21,"column":151},"end":{"line":21,"column":159}},{"start":{"line":21,"column":162},"end":{"line":21,"column":168}}],"line":21},"5":{"loc":{"start":{"line":24,"column":59},"end":{"line":24,"column":159}},"type":"cond-expr","locations":[{"start":{"line":24,"column":79},"end":{"line":24,"column":87}},{"start":{"line":24,"column":90},"end":{"line":24,"column":159}}],"line":24},"6":{"loc":{"start":{"line":24,"column":90},"end":{"line":24,"column":159}},"type":"cond-expr","locations":[{"start":{"line":24,"column":109},"end":{"line":24,"column":117}},{"start":{"line":24,"column":120},"end":{"line":24,"column":159}}],"line":24},"7":{"loc":{"start":{"line":24,"column":120},"end":{"line":24,"column":159}},"type":"cond-expr","locations":[{"start":{"line":24,"column":142},"end":{"line":24,"column":150}},{"start":{"line":24,"column":153},"end":{"line":24,"column":159}}],"line":24},"8":{"loc":{"start":{"line":29,"column":57},"end":{"line":29,"column":157}},"type":"cond-expr","locations":[{"start":{"line":29,"column":77},"end":{"line":29,"column":85}},{"start":{"line":29,"column":88},"end":{"line":29,"column":157}}],"line":29},"9":{"loc":{"start":{"line":29,"column":88},"end":{"line":29,"column":157}},"type":"cond-expr","locations":[{"start":{"line":29,"column":107},"end":{"line":29,"column":115}},{"start":{"line":29,"column":118},"end":{"line":29,"column":157}}],"line":29},"10":{"loc":{"start":{"line":29,"column":118},"end":{"line":29,"column":157}},"type":"cond-expr","locations":[{"start":{"line":29,"column":140},"end":{"line":29,"column":148}},{"start":{"line":29,"column":151},"end":{"line":29,"column":157}}],"line":29},"11":{"loc":{"start":{"line":34,"column":63},"end":{"line":34,"column":163}},"type":"cond-expr","locations":[{"start":{"line":34,"column":83},"end":{"line":34,"column":91}},{"start":{"line":34,"column":94},"end":{"line":34,"column":163}}],"line":34},"12":{"loc":{"start":{"line":34,"column":94},"end":{"line":34,"column":163}},"type":"cond-expr","locations":[{"start":{"line":34,"column":113},"end":{"line":34,"column":121}},{"start":{"line":34,"column":124},"end":{"line":34,"column":163}}],"line":34},"13":{"loc":{"start":{"line":34,"column":124},"end":{"line":34,"column":163}},"type":"cond-expr","locations":[{"start":{"line":34,"column":146},"end":{"line":34,"column":154}},{"start":{"line":34,"column":157},"end":{"line":34,"column":163}}],"line":34},"14":{"loc":{"start":{"line":37,"column":71},"end":{"line":37,"column":169}},"type":"cond-expr","locations":[{"start":{"line":37,"column":91},"end":{"line":37,"column":97}},{"start":{"line":37,"column":100},"end":{"line":37,"column":169}}],"line":37},"15":{"loc":{"start":{"line":37,"column":100},"end":{"line":37,"column":169}},"type":"cond-expr","locations":[{"start":{"line":37,"column":119},"end":{"line":37,"column":127}},{"start":{"line":37,"column":130},"end":{"line":37,"column":169}}],"line":37},"16":{"loc":{"start":{"line":37,"column":130},"end":{"line":37,"column":169}},"type":"cond-expr","locations":[{"start":{"line":37,"column":152},"end":{"line":37,"column":160}},{"start":{"line":37,"column":163},"end":{"line":37,"column":169}}],"line":37},"17":{"loc":{"start":{"line":40,"column":70},"end":{"line":40,"column":167}},"type":"cond-expr","locations":[{"start":{"line":40,"column":90},"end":{"line":40,"column":95}},{"start":{"line":40,"column":98},"end":{"line":40,"column":167}}],"line":40},"18":{"loc":{"start":{"line":40,"column":98},"end":{"line":40,"column":167}},"type":"cond-expr","locations":[{"start":{"line":40,"column":117},"end":{"line":40,"column":125}},{"start":{"line":40,"column":128},"end":{"line":40,"column":167}}],"line":40},"19":{"loc":{"start":{"line":40,"column":128},"end":{"line":40,"column":167}},"type":"cond-expr","locations":[{"start":{"line":40,"column":150},"end":{"line":40,"column":158}},{"start":{"line":40,"column":161},"end":{"line":40,"column":167}}],"line":40},"20":{"loc":{"start":{"line":44,"column":59},"end":{"line":44,"column":159}},"type":"cond-expr","locations":[{"start":{"line":44,"column":79},"end":{"line":44,"column":87}},{"start":{"line":44,"column":90},"end":{"line":44,"column":159}}],"line":44},"21":{"loc":{"start":{"line":44,"column":90},"end":{"line":44,"column":159}},"type":"cond-expr","locations":[{"start":{"line":44,"column":109},"end":{"line":44,"column":117}},{"start":{"line":44,"column":120},"end":{"line":44,"column":159}}],"line":44},"22":{"loc":{"start":{"line":44,"column":120},"end":{"line":44,"column":159}},"type":"cond-expr","locations":[{"start":{"line":44,"column":142},"end":{"line":44,"column":150}},{"start":{"line":44,"column":153},"end":{"line":44,"column":159}}],"line":44},"23":{"loc":{"start":{"line":47,"column":63},"end":{"line":47,"column":163}},"type":"cond-expr","locations":[{"start":{"line":47,"column":83},"end":{"line":47,"column":91}},{"start":{"line":47,"column":94},"end":{"line":47,"column":163}}],"line":47},"24":{"loc":{"start":{"line":47,"column":94},"end":{"line":47,"column":163}},"type":"cond-expr","locations":[{"start":{"line":47,"column":113},"end":{"line":47,"column":121}},{"start":{"line":47,"column":124},"end":{"line":47,"column":163}}],"line":47},"25":{"loc":{"start":{"line":47,"column":124},"end":{"line":47,"column":163}},"type":"cond-expr","locations":[{"start":{"line":47,"column":146},"end":{"line":47,"column":154}},{"start":{"line":47,"column":157},"end":{"line":47,"column":163}}],"line":47},"26":{"loc":{"start":{"line":50,"column":59},"end":{"line":50,"column":159}},"type":"cond-expr","locations":[{"start":{"line":50,"column":79},"end":{"line":50,"column":87}},{"start":{"line":50,"column":90},"end":{"line":50,"column":159}}],"line":50},"27":{"loc":{"start":{"line":50,"column":90},"end":{"line":50,"column":159}},"type":"cond-expr","locations":[{"start":{"line":50,"column":109},"end":{"line":50,"column":117}},{"start":{"line":50,"column":120},"end":{"line":50,"column":159}}],"line":50},"28":{"loc":{"start":{"line":50,"column":120},"end":{"line":50,"column":159}},"type":"cond-expr","locations":[{"start":{"line":50,"column":142},"end":{"line":50,"column":150}},{"start":{"line":50,"column":153},"end":{"line":50,"column":159}}],"line":50},"29":{"loc":{"start":{"line":53,"column":67},"end":{"line":53,"column":167}},"type":"cond-expr","locations":[{"start":{"line":53,"column":87},"end":{"line":53,"column":95}},{"start":{"line":53,"column":98},"end":{"line":53,"column":167}}],"line":53},"30":{"loc":{"start":{"line":53,"column":98},"end":{"line":53,"column":167}},"type":"cond-expr","locations":[{"start":{"line":53,"column":117},"end":{"line":53,"column":125}},{"start":{"line":53,"column":128},"end":{"line":53,"column":167}}],"line":53},"31":{"loc":{"start":{"line":53,"column":128},"end":{"line":53,"column":167}},"type":"cond-expr","locations":[{"start":{"line":53,"column":150},"end":{"line":53,"column":158}},{"start":{"line":53,"column":161},"end":{"line":53,"column":167}}],"line":53},"32":{"loc":{"start":{"line":56,"column":57},"end":{"line":56,"column":157}},"type":"cond-expr","locations":[{"start":{"line":56,"column":77},"end":{"line":56,"column":85}},{"start":{"line":56,"column":88},"end":{"line":56,"column":157}}],"line":56},"33":{"loc":{"start":{"line":56,"column":88},"end":{"line":56,"column":157}},"type":"cond-expr","locations":[{"start":{"line":56,"column":107},"end":{"line":56,"column":115}},{"start":{"line":56,"column":118},"end":{"line":56,"column":157}}],"line":56},"34":{"loc":{"start":{"line":56,"column":118},"end":{"line":56,"column":157}},"type":"cond-expr","locations":[{"start":{"line":56,"column":140},"end":{"line":56,"column":148}},{"start":{"line":56,"column":151},"end":{"line":56,"column":157}}],"line":56},"35":{"loc":{"start":{"line":60,"column":61},"end":{"line":60,"column":158}},"type":"cond-expr","locations":[{"start":{"line":60,"column":81},"end":{"line":60,"column":86}},{"start":{"line":60,"column":89},"end":{"line":60,"column":158}}],"line":60},"36":{"loc":{"start":{"line":60,"column":89},"end":{"line":60,"column":158}},"type":"cond-expr","locations":[{"start":{"line":60,"column":108},"end":{"line":60,"column":116}},{"start":{"line":60,"column":119},"end":{"line":60,"column":158}}],"line":60},"37":{"loc":{"start":{"line":60,"column":119},"end":{"line":60,"column":158}},"type":"cond-expr","locations":[{"start":{"line":60,"column":141},"end":{"line":60,"column":149}},{"start":{"line":60,"column":152},"end":{"line":60,"column":158}}],"line":60},"38":{"loc":{"start":{"line":67,"column":4},"end":{"line":69,"column":5}},"type":"if","locations":[{"start":{"line":67,"column":4},"end":{"line":69,"column":5}},{"start":{},"end":{}}],"line":67},"39":{"loc":{"start":{"line":79,"column":2},"end":{"line":84,"column":3}},"type":"if","locations":[{"start":{"line":79,"column":2},"end":{"line":84,"column":3}},{"start":{},"end":{}}],"line":79},"40":{"loc":{"start":{"line":80,"column":4},"end":{"line":80,"column":48}},"type":"if","locations":[{"start":{"line":80,"column":4},"end":{"line":80,"column":48}},{"start":{},"end":{}}],"line":80},"41":{"loc":{"start":{"line":81,"column":4},"end":{"line":81,"column":63}},"type":"if","locations":[{"start":{"line":81,"column":4},"end":{"line":81,"column":63}},{"start":{},"end":{}}],"line":81},"42":{"loc":{"start":{"line":82,"column":4},"end":{"line":82,"column":60}},"type":"if","locations":[{"start":{"line":82,"column":4},"end":{"line":82,"column":60}},{"start":{},"end":{}}],"line":82},"43":{"loc":{"start":{"line":83,"column":4},"end":{"line":83,"column":54}},"type":"if","locations":[{"start":{"line":83,"column":4},"end":{"line":83,"column":54}},{"start":{},"end":{}}],"line":83},"44":{"loc":{"start":{"line":86,"column":2},"end":{"line":104,"column":3}},"type":"if","locations":[{"start":{"line":86,"column":2},"end":{"line":104,"column":3}},{"start":{},"end":{}}],"line":86},"45":{"loc":{"start":{"line":86,"column":6},"end":{"line":86,"column":30}},"type":"binary-expr","locations":[{"start":{"line":86,"column":6},"end":{"line":86,"column":10}},{"start":{"line":86,"column":14},"end":{"line":86,"column":30}}],"line":86},"46":{"loc":{"start":{"line":94,"column":4},"end":{"line":94,"column":52}},"type":"if","locations":[{"start":{"line":94,"column":4},"end":{"line":94,"column":52}},{"start":{},"end":{}}],"line":94},"47":{"loc":{"start":{"line":95,"column":4},"end":{"line":95,"column":55}},"type":"if","locations":[{"start":{"line":95,"column":4},"end":{"line":95,"column":55}},{"start":{},"end":{}}],"line":95},"48":{"loc":{"start":{"line":96,"column":4},"end":{"line":96,"column":66}},"type":"if","locations":[{"start":{"line":96,"column":4},"end":{"line":96,"column":66}},{"start":{},"end":{}}],"line":96},"49":{"loc":{"start":{"line":97,"column":4},"end":{"line":97,"column":69}},"type":"if","locations":[{"start":{"line":97,"column":4},"end":{"line":97,"column":69}},{"start":{},"end":{}}],"line":97},"50":{"loc":{"start":{"line":98,"column":4},"end":{"line":98,"column":52}},"type":"if","locations":[{"start":{"line":98,"column":4},"end":{"line":98,"column":52}},{"start":{},"end":{}}],"line":98},"51":{"loc":{"start":{"line":99,"column":4},"end":{"line":99,"column":73}},"type":"if","locations":[{"start":{"line":99,"column":4},"end":{"line":99,"column":73}},{"start":{},"end":{}}],"line":99},"52":{"loc":{"start":{"line":100,"column":4},"end":{"line":100,"column":61}},"type":"if","locations":[{"start":{"line":100,"column":4},"end":{"line":100,"column":61}},{"start":{},"end":{}}],"line":100},"53":{"loc":{"start":{"line":101,"column":4},"end":{"line":101,"column":55}},"type":"if","locations":[{"start":{"line":101,"column":4},"end":{"line":101,"column":55}},{"start":{},"end":{}}],"line":101},"54":{"loc":{"start":{"line":102,"column":4},"end":{"line":102,"column":64}},"type":"if","locations":[{"start":{"line":102,"column":4},"end":{"line":102,"column":64}},{"start":{},"end":{}}],"line":102},"55":{"loc":{"start":{"line":103,"column":4},"end":{"line":103,"column":87}},"type":"if","locations":[{"start":{"line":103,"column":4},"end":{"line":103,"column":87}},{"start":{},"end":{}}],"line":103},"56":{"loc":{"start":{"line":115,"column":2},"end":{"line":117,"column":3}},"type":"if","locations":[{"start":{"line":115,"column":2},"end":{"line":117,"column":3}},{"start":{},"end":{}}],"line":115},"57":{"loc":{"start":{"line":120,"column":2},"end":{"line":122,"column":3}},"type":"if","locations":[{"start":{"line":120,"column":2},"end":{"line":122,"column":3}},{"start":{},"end":{}}],"line":120},"58":{"loc":{"start":{"line":120,"column":6},"end":{"line":120,"column":89}},"type":"binary-expr","locations":[{"start":{"line":120,"column":6},"end":{"line":120,"column":46}},{"start":{"line":120,"column":50},"end":{"line":120,"column":89}}],"line":120},"59":{"loc":{"start":{"line":136,"column":8},"end":{"line":158,"column":9}},"type":"if","locations":[{"start":{"line":136,"column":8},"end":{"line":158,"column":9}},{"start":{},"end":{}}],"line":136},"60":{"loc":{"start":{"line":139,"column":22},"end":{"line":139,"column":45}},"type":"binary-expr","locations":[{"start":{"line":139,"column":22},"end":{"line":139,"column":32}},{"start":{"line":139,"column":36},"end":{"line":139,"column":45}}],"line":139},"61":{"loc":{"start":{"line":140,"column":24},"end":{"line":140,"column":47}},"type":"binary-expr","locations":[{"start":{"line":140,"column":24},"end":{"line":140,"column":36}},{"start":{"line":140,"column":40},"end":{"line":140,"column":47}}],"line":140},"62":{"loc":{"start":{"line":143,"column":12},"end":{"line":154,"column":13}},"type":"if","locations":[{"start":{"line":143,"column":12},"end":{"line":154,"column":13}},{"start":{"line":145,"column":19},"end":{"line":154,"column":13}}],"line":143},"63":{"loc":{"start":{"line":150,"column":28},"end":{"line":150,"column":70}},"type":"binary-expr","locations":[{"start":{"line":150,"column":28},"end":{"line":150,"column":48}},{"start":{"line":150,"column":52},"end":{"line":150,"column":70}}],"line":150},"64":{"loc":{"start":{"line":172,"column":21},"end":{"line":172,"column":60}},"type":"binary-expr","locations":[{"start":{"line":172,"column":21},"end":{"line":172,"column":27}},{"start":{"line":172,"column":31},"end":{"line":172,"column":60}}],"line":172},"65":{"loc":{"start":{"line":200,"column":17},"end":{"line":200,"column":56}},"type":"binary-expr","locations":[{"start":{"line":200,"column":17},"end":{"line":200,"column":23}},{"start":{"line":200,"column":27},"end":{"line":200,"column":56}}],"line":200}},"s":{"0":3,"1":3,"2":3,"3":3,"4":0,"5":0,"6":0,"7":0,"8":0,"9":0,"10":3,"11":0,"12":0,"13":0,"14":0,"15":0,"16":0,"17":0,"18":0,"19":0,"20":0,"21":0,"22":0,"23":0,"24":0,"25":0,"26":0,"27":0,"28":0,"29":0,"30":0,"31":0,"32":0,"33":0,"34":0,"35":0,"36":0,"37":0,"38":0,"39":0,"40":0,"41":0,"42":0,"43":0,"44":0,"45":0,"46":0,"47":3,"48":4,"49":1,"50":3,"51":3,"52":0,"53":0,"54":0,"55":0,"56":0,"57":0,"58":0,"59":0,"60":0,"61":0,"62":0,"63":0,"64":0,"65":0,"66":0,"67":0,"68":0,"69":0,"70":0,"71":0,"72":0,"73":0,"74":0,"75":0,"76":0,"77":0,"78":3,"79":0,"80":0,"81":0,"82":3},"f":{"0":0,"1":0,"2":4,"3":0,"4":0,"5":0},"b":{"0":[0,0],"1":[0,0],"2":[0,0],"3":[0,0],"4":[0,0],"5":[0,0],"6":[0,0],"7":[0,0],"8":[0,0],"9":[0,0],"10":[0,0],"11":[0,0],"12":[0,0],"13":[0,0],"14":[0,0],"15":[0,0],"16":[0,0],"17":[0,0],"18":[0,0],"19":[0,0],"20":[0,0],"21":[0,0],"22":[0,0],"23":[0,0],"24":[0,0],"25":[0,0],"26":[0,0],"27":[0,0],"28":[0,0],"29":[0,0],"30":[0,0],"31":[0,0],"32":[0,0],"33":[0,0],"34":[0,0],"35":[0,0],"36":[0,0],"37":[0,0],"38":[0,0],"39":[0,0],"40":[0,0],"41":[0,0],"42":[0,0],"43":[0,0],"44":[0,0],"45":[0,0],"46":[0,0],"47":[0,0],"48":[0,0],"49":[0,0],"50":[0,0],"51":[0,0],"52":[0,0],"53":[0,0],"54":[0,0],"55":[0,0],"56":[1,3],"57":[3,0],"58":[3,0],"59":[0,0],"60":[0,0],"61":[0,0],"62":[0,0],"63":[0,0],"64":[0,0],"65":[0,0]},"_coverageSchema":"1a1c01bbd47fc00a2c39e90264f33305004495a9","hash":"4c6e4cf949c261a4a36bbe6104869a22f9eb3919"}
,"/home/men3em/Documents/projects/academic-portal/academic-portal/backend/middleware/auth.js": {"path":"/home/men3em/Documents/projects/academic-portal/academic-portal/backend/middleware/auth.js","statementMap":{"0":{"start":{"line":1,"column":12},"end":{"line":1,"column":35}},"1":{"start":{"line":3,"column":18},"end":{"line":20,"column":1}},"2":{"start":{"line":4,"column":18},"end":{"line":4,"column":69}},"3":{"start":{"line":6,"column":4},"end":{"line":8,"column":5}},"4":{"start":{"line":7,"column":8},"end":{"line":7,"column":86}},"5":{"start":{"line":10,"column":4},"end":{"line":19,"column":5}},"6":{"start":{"line":11,"column":24},"end":{"line":11,"column":65}},"7":{"start":{"line":12,"column":8},"end":{"line":14,"column":9}},"8":{"start":{"line":13,"column":12},"end":{"line":13,"column":83}},"9":{"start":{"line":15,"column":8},"end":{"line":15,"column":27}},"10":{"start":{"line":16,"column":8},"end":{"line":16,"column":15}},"11":{"start":{"line":18,"column":8},"end":{"line":18,"column":60}},"12":{"start":{"line":22,"column":24},"end":{"line":48,"column":1}},"13":{"start":{"line":23,"column":4},"end":{"line":47,"column":6}},"14":{"start":{"line":24,"column":22},"end":{"line":24,"column":73}},"15":{"start":{"line":26,"column":8},"end":{"line":28,"column":9}},"16":{"start":{"line":27,"column":12},"end":{"line":27,"column":90}},"17":{"start":{"line":30,"column":8},"end":{"line":46,"column":9}},"18":{"start":{"line":31,"column":28},"end":{"line":31,"column":69}},"19":{"start":{"line":33,"column":12},"end":{"line":36,"column":13}},"20":{"start":{"line":34,"column":16},"end":{"line":34,"column":35}},"21":{"start":{"line":35,"column":16},"end":{"line":35,"column":30}},"22":{"start":{"line":38,"column":12},"end":{"line":41,"column":13}},"23":{"start":{"line":39,"column":16},"end":{"line":39,"column":35}},"24":{"start":{"line":40,"column":16},"end":{"line":40,"column":30}},"25":{"start":{"line":43,"column":12},"end":{"line":43,"column":116}},"26":{"start":{"line":45,"column":12},"end":{"line":45,"column":64}},"27":{"start":{"line":50,"column":22},"end":{"line":52,"column":1}},"28":{"start":{"line":51,"column":4},"end":{"line":51,"column":98}},"29":{"start":{"line":54,"column":0},"end":{"line":54,"column":63}}},"fnMap":{"0":{"name":"(anonymous_0)","decl":{"start":{"line":3,"column":18},"end":{"line":3,"column":19}},"loc":{"start":{"line":3,"column":38},"end":{"line":20,"column":1}},"line":3},"1":{"name":"(anonymous_1)","decl":{"start":{"line":22,"column":24},"end":{"line":22,"column":25}},"loc":{"start":{"line":22,"column":48},"end":{"line":48,"column":1}},"line":22},"2":{"name":"(anonymous_2)","decl":{"start":{"line":23,"column":11},"end":{"line":23,"column":12}},"loc":{"start":{"line":23,"column":31},"end":{"line":47,"column":5}},"line":23},"3":{"name":"(anonymous_3)","decl":{"start":{"line":50,"column":22},"end":{"line":50,"column":23}},"loc":{"start":{"line":50,"column":35},"end":{"line":52,"column":1}},"line":50}},"branchMap":{"0":{"loc":{"start":{"line":6,"column":4},"end":{"line":8,"column":5}},"type":"if","locations":[{"start":{"line":6,"column":4},"end":{"line":8,"column":5}},{"start":{},"end":{}}],"line":6},"1":{"loc":{"start":{"line":12,"column":8},"end":{"line":14,"column":9}},"type":"if","locations":[{"start":{"line":12,"column":8},"end":{"line":14,"column":9}},{"start":{},"end":{}}],"line":12},"2":{"loc":{"start":{"line":26,"column":8},"end":{"line":28,"column":9}},"type":"if","locations":[{"start":{"line":26,"column":8},"end":{"line":28,"column":9}},{"start":{},"end":{}}],"line":26},"3":{"loc":{"start":{"line":33,"column":12},"end":{"line":36,"column":13}},"type":"if","locations":[{"start":{"line":33,"column":12},"end":{"line":36,"column":13}},{"start":{},"end":{}}],"line":33},"4":{"loc":{"start":{"line":38,"column":12},"end":{"line":41,"column":13}},"type":"if","locations":[{"start":{"line":38,"column":12},"end":{"line":41,"column":13}},{"start":{},"end":{}}],"line":38},"5":{"loc":{"start":{"line":38,"column":16},"end":{"line":38,"column":119}},"type":"binary-expr","locations":[{"start":{"line":38,"column":16},"end":{"line":38,"column":44}},{"start":{"line":38,"column":48},"end":{"line":38,"column":67}},{"start":{"line":38,"column":71},"end":{"line":38,"column":119}}],"line":38}},"s":{"0":3,"1":3,"2":1,"3":1,"4":1,"5":0,"6":0,"7":0,"8":0,"9":0,"10":0,"11":0,"12":3,"13":210,"14":0,"15":0,"16":0,"17":0,"18":0,"19":0,"20":0,"21":0,"22":0,"23":0,"24":0,"25":0,"26":0,"27":3,"28":0,"29":3},"f":{"0":1,"1":210,"2":0,"3":0},"b":{"0":[1,0],"1":[0,0],"2":[0,0],"3":[0,0],"4":[0,0],"5":[0,0,0]},"_coverageSchema":"1a1c01bbd47fc00a2c39e90264f33305004495a9","hash":"e87686665edb3f08784c228829749cdc0f67be24"}
,"/home/men3em/Documents/projects/academic-portal/academic-portal/backend/middleware/cache.js": {"path":"/home/men3em/Documents/projects/academic-portal/academic-portal/backend/middleware/cache.js","statementMap":{"0":{"start":{"line":1,"column":63},"end":{"line":1,"column":88}},"1":{"start":{"line":3,"column":25},"end":{"line":10,"column":1}},"2":{"start":{"line":4,"column":2},"end":{"line":9,"column":3}},"3":{"start":{"line":5,"column":22},"end":{"line":5,"column":47}},"4":{"start":{"line":6,"column":4},"end":{"line":6,"column":36}},"5":{"start":{"line":8,"column":4},"end":{"line":8,"column":17}},"6":{"start":{"line":12,"column":24},"end":{"line":31,"column":1}},"7":{"start":{"line":13,"column":2},"end":{"line":30,"column":4}},"8":{"start":{"line":14,"column":4},"end":{"line":14,"column":43}},"9":{"start":{"line":14,"column":29},"end":{"line":14,"column":43}},"10":{"start":{"line":16,"column":4},"end":{"line":16,"column":44}},"11":{"start":{"line":16,"column":30},"end":{"line":16,"column":44}},"12":{"start":{"line":18,"column":16},"end":{"line":18,"column":42}},"13":{"start":{"line":19,"column":19},"end":{"line":19,"column":38}},"14":{"start":{"line":20,"column":4},"end":{"line":22,"column":5}},"15":{"start":{"line":21,"column":6},"end":{"line":21,"column":30}},"16":{"start":{"line":24,"column":25},"end":{"line":24,"column":43}},"17":{"start":{"line":25,"column":4},"end":{"line":28,"column":6}},"18":{"start":{"line":26,"column":6},"end":{"line":26,"column":38}},"19":{"start":{"line":27,"column":6},"end":{"line":27,"column":25}},"20":{"start":{"line":29,"column":4},"end":{"line":29,"column":11}},"21":{"start":{"line":33,"column":24},"end":{"line":36,"column":1}},"22":{"start":{"line":34,"column":2},"end":{"line":34,"column":34}},"23":{"start":{"line":34,"column":27},"end":{"line":34,"column":34}},"24":{"start":{"line":35,"column":2},"end":{"line":35,"column":35}},"25":{"start":{"line":38,"column":25},"end":{"line":41,"column":1}},"26":{"start":{"line":39,"column":2},"end":{"line":39,"column":34}},"27":{"start":{"line":39,"column":27},"end":{"line":39,"column":34}},"28":{"start":{"line":40,"column":2},"end":{"line":40,"column":46}},"29":{"start":{"line":43,"column":26},"end":{"line":56,"column":1}},"30":{"start":{"line":44,"column":2},"end":{"line":55,"column":4}},"31":{"start":{"line":45,"column":4},"end":{"line":53,"column":5}},"32":{"start":{"line":46,"column":27},"end":{"line":46,"column":45}},"33":{"start":{"line":47,"column":6},"end":{"line":52,"column":8}},"34":{"start":{"line":48,"column":8},"end":{"line":50,"column":9}},"35":{"start":{"line":49,"column":10},"end":{"line":49,"column":53}},"36":{"start":{"line":49,"column":32},"end":{"line":49,"column":51}},"37":{"start":{"line":51,"column":8},"end":{"line":51,"column":27}},"38":{"start":{"line":54,"column":4},"end":{"line":54,"column":11}},"39":{"start":{"line":58,"column":0},"end":{"line":58,"column":91}}},"fnMap":{"0":{"name":"(anonymous_0)","decl":{"start":{"line":3,"column":25},"end":{"line":3,"column":26}},"loc":{"start":{"line":3,"column":31},"end":{"line":10,"column":1}},"line":3},"1":{"name":"(anonymous_1)","decl":{"start":{"line":12,"column":24},"end":{"line":12,"column":25}},"loc":{"start":{"line":12,"column":46},"end":{"line":31,"column":1}},"line":12},"2":{"name":"(anonymous_2)","decl":{"start":{"line":13,"column":9},"end":{"line":13,"column":10}},"loc":{"start":{"line":13,"column":35},"end":{"line":30,"column":3}},"line":13},"3":{"name":"(anonymous_3)","decl":{"start":{"line":25,"column":15},"end":{"line":25,"column":16}},"loc":{"start":{"line":25,"column":25},"end":{"line":28,"column":5}},"line":25},"4":{"name":"(anonymous_4)","decl":{"start":{"line":33,"column":24},"end":{"line":33,"column":25}},"loc":{"start":{"line":33,"column":43},"end":{"line":36,"column":1}},"line":33},"5":{"name":"(anonymous_5)","decl":{"start":{"line":38,"column":25},"end":{"line":38,"column":26}},"loc":{"start":{"line":38,"column":43},"end":{"line":41,"column":1}},"line":38},"6":{"name":"(anonymous_6)","decl":{"start":{"line":43,"column":26},"end":{"line":43,"column":27}},"loc":{"start":{"line":43,"column":45},"end":{"line":56,"column":1}},"line":43},"7":{"name":"(anonymous_7)","decl":{"start":{"line":44,"column":9},"end":{"line":44,"column":10}},"loc":{"start":{"line":44,"column":29},"end":{"line":55,"column":3}},"line":44},"8":{"name":"(anonymous_8)","decl":{"start":{"line":47,"column":17},"end":{"line":47,"column":18}},"loc":{"start":{"line":47,"column":27},"end":{"line":52,"column":7}},"line":47},"9":{"name":"(anonymous_9)","decl":{"start":{"line":49,"column":27},"end":{"line":49,"column":28}},"loc":{"start":{"line":49,"column":32},"end":{"line":49,"column":51}},"line":49}},"branchMap":{"0":{"loc":{"start":{"line":12,"column":25},"end":{"line":12,"column":41}},"type":"default-arg","locations":[{"start":{"line":12,"column":38},"end":{"line":12,"column":41}}],"line":12},"1":{"loc":{"start":{"line":14,"column":4},"end":{"line":14,"column":43}},"type":"if","locations":[{"start":{"line":14,"column":4},"end":{"line":14,"column":43}},{"start":{},"end":{}}],"line":14},"2":{"loc":{"start":{"line":16,"column":4},"end":{"line":16,"column":44}},"type":"if","locations":[{"start":{"line":16,"column":4},"end":{"line":16,"column":44}},{"start":{},"end":{}}],"line":16},"3":{"loc":{"start":{"line":20,"column":4},"end":{"line":22,"column":5}},"type":"if","locations":[{"start":{"line":20,"column":4},"end":{"line":22,"column":5}},{"start":{},"end":{}}],"line":20},"4":{"loc":{"start":{"line":34,"column":2},"end":{"line":34,"column":34}},"type":"if","locations":[{"start":{"line":34,"column":2},"end":{"line":34,"column":34}},{"start":{},"end":{}}],"line":34},"5":{"loc":{"start":{"line":39,"column":2},"end":{"line":39,"column":34}},"type":"if","locations":[{"start":{"line":39,"column":2},"end":{"line":39,"column":34}},{"start":{},"end":{}}],"line":39},"6":{"loc":{"start":{"line":43,"column":27},"end":{"line":43,"column":40}},"type":"default-arg","locations":[{"start":{"line":43,"column":38},"end":{"line":43,"column":40}}],"line":43},"7":{"loc":{"start":{"line":45,"column":4},"end":{"line":53,"column":5}},"type":"if","locations":[{"start":{"line":45,"column":4},"end":{"line":53,"column":5}},{"start":{},"end":{}}],"line":45},"8":{"loc":{"start":{"line":48,"column":8},"end":{"line":50,"column":9}},"type":"if","locations":[{"start":{"line":48,"column":8},"end":{"line":50,"column":9}},{"start":{},"end":{}}],"line":48}},"s":{"0":3,"1":3,"2":0,"3":0,"4":0,"5":0,"6":3,"7":15,"8":0,"9":0,"10":0,"11":0,"12":0,"13":0,"14":0,"15":0,"16":0,"17":0,"18":0,"19":0,"20":0,"21":3,"22":0,"23":0,"24":0,"25":3,"26":0,"27":0,"28":0,"29":3,"30":3,"31":4,"32":3,"33":3,"34":3,"35":0,"36":0,"37":3,"38":4,"39":3},"f":{"0":0,"1":15,"2":0,"3":0,"4":0,"5":0,"6":3,"7":4,"8":3,"9":0},"b":{"0":[0],"1":[0,0],"2":[0,0],"3":[0,0],"4":[0,0],"5":[0,0],"6":[0],"7":[3,1],"8":[0,3]},"_coverageSchema":"1a1c01bbd47fc00a2c39e90264f33305004495a9","hash":"5476a34c0ff4f173038f22a20dee9bf7c7eb61e2"}
,"/home/men3em/Documents/projects/academic-portal/academic-portal/backend/middleware/doctorAuth.js": {"path":"/home/men3em/Documents/projects/academic-portal/academic-portal/backend/middleware/doctorAuth.js","statementMap":{"0":{"start":{"line":1,"column":12},"end":{"line":1,"column":35}},"1":{"start":{"line":2,"column":15},"end":{"line":2,"column":42}},"2":{"start":{"line":4,"column":19},"end":{"line":28,"column":1}},"3":{"start":{"line":5,"column":18},"end":{"line":5,"column":69}},"4":{"start":{"line":7,"column":4},"end":{"line":9,"column":5}},"5":{"start":{"line":8,"column":8},"end":{"line":8,"column":86}},"6":{"start":{"line":11,"column":4},"end":{"line":27,"column":5}},"7":{"start":{"line":12,"column":24},"end":{"line":12,"column":65}},"8":{"start":{"line":13,"column":8},"end":{"line":15,"column":9}},"9":{"start":{"line":14,"column":12},"end":{"line":14,"column":84}},"10":{"start":{"line":18,"column":23},"end":{"line":18,"column":56}},"11":{"start":{"line":19,"column":8},"end":{"line":21,"column":9}},"12":{"start":{"line":20,"column":12},"end":{"line":20,"column":89}},"13":{"start":{"line":23,"column":8},"end":{"line":23,"column":28}},"14":{"start":{"line":24,"column":8},"end":{"line":24,"column":15}},"15":{"start":{"line":26,"column":8},"end":{"line":26,"column":60}},"16":{"start":{"line":30,"column":27},"end":{"line":45,"column":1}},"17":{"start":{"line":31,"column":21},"end":{"line":31,"column":85}},"18":{"start":{"line":32,"column":4},"end":{"line":34,"column":5}},"19":{"start":{"line":33,"column":8},"end":{"line":33,"column":75}},"20":{"start":{"line":36,"column":4},"end":{"line":44,"column":5}},"21":{"start":{"line":37,"column":26},"end":{"line":37,"column":79}},"22":{"start":{"line":38,"column":8},"end":{"line":40,"column":9}},"23":{"start":{"line":39,"column":12},"end":{"line":39,"column":87}},"24":{"start":{"line":41,"column":8},"end":{"line":41,"column":15}},"25":{"start":{"line":43,"column":8},"end":{"line":43,"column":76}},"26":{"start":{"line":47,"column":0},"end":{"line":47,"column":52}}},"fnMap":{"0":{"name":"(anonymous_0)","decl":{"start":{"line":4,"column":19},"end":{"line":4,"column":20}},"loc":{"start":{"line":4,"column":45},"end":{"line":28,"column":1}},"line":4},"1":{"name":"(anonymous_1)","decl":{"start":{"line":30,"column":27},"end":{"line":30,"column":28}},"loc":{"start":{"line":30,"column":53},"end":{"line":45,"column":1}},"line":30}},"branchMap":{"0":{"loc":{"start":{"line":7,"column":4},"end":{"line":9,"column":5}},"type":"if","locations":[{"start":{"line":7,"column":4},"end":{"line":9,"column":5}},{"start":{},"end":{}}],"line":7},"1":{"loc":{"start":{"line":13,"column":8},"end":{"line":15,"column":9}},"type":"if","locations":[{"start":{"line":13,"column":8},"end":{"line":15,"column":9}},{"start":{},"end":{}}],"line":13},"2":{"loc":{"start":{"line":19,"column":8},"end":{"line":21,"column":9}},"type":"if","locations":[{"start":{"line":19,"column":8},"end":{"line":21,"column":9}},{"start":{},"end":{}}],"line":19},"3":{"loc":{"start":{"line":31,"column":21},"end":{"line":31,"column":85}},"type":"binary-expr","locations":[{"start":{"line":31,"column":21},"end":{"line":31,"column":40}},{"start":{"line":31,"column":44},"end":{"line":31,"column":62}},{"start":{"line":31,"column":66},"end":{"line":31,"column":85}}],"line":31},"4":{"loc":{"start":{"line":32,"column":4},"end":{"line":34,"column":5}},"type":"if","locations":[{"start":{"line":32,"column":4},"end":{"line":34,"column":5}},{"start":{},"end":{}}],"line":32},"5":{"loc":{"start":{"line":38,"column":8},"end":{"line":40,"column":9}},"type":"if","locations":[{"start":{"line":38,"column":8},"end":{"line":40,"column":9}},{"start":{},"end":{}}],"line":38}},"s":{"0":3,"1":3,"2":3,"3":1,"4":1,"5":1,"6":0,"7":0,"8":0,"9":0,"10":0,"11":0,"12":0,"13":0,"14":0,"15":0,"16":3,"17":0,"18":0,"19":0,"20":0,"21":0,"22":0,"23":0,"24":0,"25":0,"26":3},"f":{"0":1,"1":0},"b":{"0":[1,0],"1":[0,0],"2":[0,0],"3":[0,0,0],"4":[0,0],"5":[0,0]},"_coverageSchema":"1a1c01bbd47fc00a2c39e90264f33305004495a9","hash":"4148f788388efc16e2ed949761c1912fff9c9540"}
,"/home/men3em/Documents/projects/academic-portal/academic-portal/backend/middleware/rateLimiter.js": {"path":"/home/men3em/Documents/projects/academic-portal/academic-portal/backend/middleware/rateLimiter.js","statementMap":{"0":{"start":{"line":1,"column":18},"end":{"line":1,"column":47}},"1":{"start":{"line":2,"column":27},"end":{"line":2,"column":56}},"2":{"start":{"line":3,"column":15},"end":{"line":3,"column":41}},"3":{"start":{"line":5,"column":14},"end":{"line":5,"column":52}},"4":{"start":{"line":8,"column":24},"end":{"line":17,"column":2}},"5":{"start":{"line":21,"column":28},"end":{"line":41,"column":2}},"6":{"start":{"line":33,"column":22},"end":{"line":33,"column":41}},"7":{"start":{"line":34,"column":25},"end":{"line":34,"column":55}},"8":{"start":{"line":35,"column":8},"end":{"line":35,"column":38}},"9":{"start":{"line":38,"column":8},"end":{"line":38,"column":106}},"10":{"start":{"line":39,"column":8},"end":{"line":39,"column":61}},"11":{"start":{"line":44,"column":26},"end":{"line":58,"column":2}},"12":{"start":{"line":55,"column":8},"end":{"line":55,"column":101}},"13":{"start":{"line":56,"column":8},"end":{"line":56,"column":61}},"14":{"start":{"line":61,"column":22},"end":{"line":75,"column":2}},"15":{"start":{"line":71,"column":24},"end":{"line":71,"column":51}},"16":{"start":{"line":72,"column":22},"end":{"line":72,"column":41}},"17":{"start":{"line":73,"column":8},"end":{"line":73,"column":37}},"18":{"start":{"line":78,"column":31},"end":{"line":92,"column":2}},"19":{"start":{"line":88,"column":24},"end":{"line":88,"column":51}},"20":{"start":{"line":89,"column":22},"end":{"line":89,"column":41}},"21":{"start":{"line":90,"column":8},"end":{"line":90,"column":37}},"22":{"start":{"line":95,"column":27},"end":{"line":114,"column":2}},"23":{"start":{"line":106,"column":22},"end":{"line":106,"column":41}},"24":{"start":{"line":107,"column":25},"end":{"line":107,"column":55}},"25":{"start":{"line":108,"column":8},"end":{"line":108,"column":38}},"26":{"start":{"line":111,"column":8},"end":{"line":111,"column":105}},"27":{"start":{"line":112,"column":8},"end":{"line":112,"column":61}},"28":{"start":{"line":117,"column":30},"end":{"line":135,"column":2}},"29":{"start":{"line":127,"column":22},"end":{"line":127,"column":41}},"30":{"start":{"line":128,"column":26},"end":{"line":128,"column":57}},"31":{"start":{"line":129,"column":8},"end":{"line":129,"column":39}},"32":{"start":{"line":132,"column":8},"end":{"line":132,"column":110}},"33":{"start":{"line":133,"column":8},"end":{"line":133,"column":61}},"34":{"start":{"line":138,"column":25},"end":{"line":152,"column":2}},"35":{"start":{"line":148,"column":22},"end":{"line":148,"column":41}},"36":{"start":{"line":149,"column":23},"end":{"line":149,"column":50}},"37":{"start":{"line":150,"column":8},"end":{"line":150,"column":36}},"38":{"start":{"line":155,"column":30},"end":{"line":169,"column":2}},"39":{"start":{"line":165,"column":22},"end":{"line":165,"column":41}},"40":{"start":{"line":166,"column":23},"end":{"line":166,"column":50}},"41":{"start":{"line":167,"column":8},"end":{"line":167,"column":36}},"42":{"start":{"line":172,"column":28},"end":{"line":186,"column":2}},"43":{"start":{"line":182,"column":22},"end":{"line":182,"column":41}},"44":{"start":{"line":183,"column":23},"end":{"line":183,"column":50}},"45":{"start":{"line":184,"column":8},"end":{"line":184,"column":36}},"46":{"start":{"line":188,"column":0},"end":{"line":199,"column":2}}},"fnMap":{"0":{"name":"(anonymous_0)","decl":{"start":{"line":31,"column":18},"end":{"line":31,"column":19}},"loc":{"start":{"line":31,"column":27},"end":{"line":36,"column":5}},"line":31},"1":{"name":"(anonymous_1)","decl":{"start":{"line":37,"column":13},"end":{"line":37,"column":14}},"loc":{"start":{"line":37,"column":42},"end":{"line":40,"column":5}},"line":37},"2":{"name":"(anonymous_2)","decl":{"start":{"line":54,"column":13},"end":{"line":54,"column":14}},"loc":{"start":{"line":54,"column":42},"end":{"line":57,"column":5}},"line":54},"3":{"name":"(anonymous_3)","decl":{"start":{"line":70,"column":18},"end":{"line":70,"column":19}},"loc":{"start":{"line":70,"column":27},"end":{"line":74,"column":5}},"line":70},"4":{"name":"(anonymous_4)","decl":{"start":{"line":87,"column":18},"end":{"line":87,"column":19}},"loc":{"start":{"line":87,"column":27},"end":{"line":91,"column":5}},"line":87},"5":{"name":"(anonymous_5)","decl":{"start":{"line":105,"column":18},"end":{"line":105,"column":19}},"loc":{"start":{"line":105,"column":27},"end":{"line":109,"column":5}},"line":105},"6":{"name":"(anonymous_6)","decl":{"start":{"line":110,"column":13},"end":{"line":110,"column":14}},"loc":{"start":{"line":110,"column":42},"end":{"line":113,"column":5}},"line":110},"7":{"name":"(anonymous_7)","decl":{"start":{"line":126,"column":18},"end":{"line":126,"column":19}},"loc":{"start":{"line":126,"column":27},"end":{"line":130,"column":5}},"line":126},"8":{"name":"(anonymous_8)","decl":{"start":{"line":131,"column":13},"end":{"line":131,"column":14}},"loc":{"start":{"line":131,"column":42},"end":{"line":134,"column":5}},"line":131},"9":{"name":"(anonymous_9)","decl":{"start":{"line":147,"column":18},"end":{"line":147,"column":19}},"loc":{"start":{"line":147,"column":27},"end":{"line":151,"column":5}},"line":147},"10":{"name":"(anonymous_10)","decl":{"start":{"line":164,"column":18},"end":{"line":164,"column":19}},"loc":{"start":{"line":164,"column":27},"end":{"line":168,"column":5}},"line":164},"11":{"name":"(anonymous_11)","decl":{"start":{"line":181,"column":18},"end":{"line":181,"column":19}},"loc":{"start":{"line":181,"column":27},"end":{"line":185,"column":5}},"line":181}},"branchMap":{"0":{"loc":{"start":{"line":10,"column":9},"end":{"line":10,"column":28}},"type":"cond-expr","locations":[{"start":{"line":10,"column":17},"end":{"line":10,"column":21}},{"start":{"line":10,"column":24},"end":{"line":10,"column":28}}],"line":10},"1":{"loc":{"start":{"line":23,"column":9},"end":{"line":23,"column":24}},"type":"cond-expr","locations":[{"start":{"line":23,"column":17},"end":{"line":23,"column":19}},{"start":{"line":23,"column":22},"end":{"line":23,"column":24}}],"line":23},"2":{"loc":{"start":{"line":34,"column":25},"end":{"line":34,"column":55}},"type":"binary-expr","locations":[{"start":{"line":34,"column":25},"end":{"line":34,"column":42}},{"start":{"line":34,"column":46},"end":{"line":34,"column":55}}],"line":34},"3":{"loc":{"start":{"line":46,"column":9},"end":{"line":46,"column":23}},"type":"cond-expr","locations":[{"start":{"line":46,"column":17},"end":{"line":46,"column":19}},{"start":{"line":46,"column":22},"end":{"line":46,"column":23}}],"line":46},"4":{"loc":{"start":{"line":71,"column":24},"end":{"line":71,"column":51}},"type":"binary-expr","locations":[{"start":{"line":71,"column":24},"end":{"line":71,"column":36}},{"start":{"line":71,"column":40},"end":{"line":71,"column":51}}],"line":71},"5":{"loc":{"start":{"line":88,"column":24},"end":{"line":88,"column":51}},"type":"binary-expr","locations":[{"start":{"line":88,"column":24},"end":{"line":88,"column":36}},{"start":{"line":88,"column":40},"end":{"line":88,"column":51}}],"line":88},"6":{"loc":{"start":{"line":97,"column":9},"end":{"line":97,"column":23}},"type":"cond-expr","locations":[{"start":{"line":97,"column":17},"end":{"line":97,"column":19}},{"start":{"line":97,"column":22},"end":{"line":97,"column":23}}],"line":97},"7":{"loc":{"start":{"line":107,"column":25},"end":{"line":107,"column":55}},"type":"binary-expr","locations":[{"start":{"line":107,"column":25},"end":{"line":107,"column":42}},{"start":{"line":107,"column":46},"end":{"line":107,"column":55}}],"line":107},"8":{"loc":{"start":{"line":119,"column":9},"end":{"line":119,"column":23}},"type":"cond-expr","locations":[{"start":{"line":119,"column":17},"end":{"line":119,"column":19}},{"start":{"line":119,"column":22},"end":{"line":119,"column":23}}],"line":119},"9":{"loc":{"start":{"line":128,"column":26},"end":{"line":128,"column":57}},"type":"binary-expr","locations":[{"start":{"line":128,"column":26},"end":{"line":128,"column":44}},{"start":{"line":128,"column":48},"end":{"line":128,"column":57}}],"line":128},"10":{"loc":{"start":{"line":140,"column":9},"end":{"line":140,"column":23}},"type":"cond-expr","locations":[{"start":{"line":140,"column":17},"end":{"line":140,"column":19}},{"start":{"line":140,"column":22},"end":{"line":140,"column":23}}],"line":140},"11":{"loc":{"start":{"line":149,"column":23},"end":{"line":149,"column":50}},"type":"binary-expr","locations":[{"start":{"line":149,"column":23},"end":{"line":149,"column":35}},{"start":{"line":149,"column":39},"end":{"line":149,"column":50}}],"line":149},"12":{"loc":{"start":{"line":157,"column":9},"end":{"line":157,"column":25}},"type":"cond-expr","locations":[{"start":{"line":157,"column":17},"end":{"line":157,"column":20}},{"start":{"line":157,"column":23},"end":{"line":157,"column":25}}],"line":157},"13":{"loc":{"start":{"line":166,"column":23},"end":{"line":166,"column":50}},"type":"binary-expr","locations":[{"start":{"line":166,"column":23},"end":{"line":166,"column":35}},{"start":{"line":166,"column":39},"end":{"line":166,"column":50}}],"line":166},"14":{"loc":{"start":{"line":174,"column":9},"end":{"line":174,"column":23}},"type":"cond-expr","locations":[{"start":{"line":174,"column":17},"end":{"line":174,"column":19}},{"start":{"line":174,"column":22},"end":{"line":174,"column":23}}],"line":174},"15":{"loc":{"start":{"line":183,"column":23},"end":{"line":183,"column":50}},"type":"binary-expr","locations":[{"start":{"line":183,"column":23},"end":{"line":183,"column":35}},{"start":{"line":183,"column":39},"end":{"line":183,"column":50}}],"line":183}},"s":{"0":1,"1":1,"2":1,"3":1,"4":1,"5":1,"6":0,"7":0,"8":0,"9":0,"10":0,"11":1,"12":1,"13":1,"14":1,"15":0,"16":0,"17":0,"18":1,"19":0,"20":0,"21":0,"22":1,"23":0,"24":0,"25":0,"26":0,"27":0,"28":1,"29":0,"30":0,"31":0,"32":0,"33":0,"34":1,"35":0,"36":0,"37":0,"38":1,"39":0,"40":0,"41":0,"42":1,"43":0,"44":0,"45":0,"46":1},"f":{"0":0,"1":0,"2":1,"3":0,"4":0,"5":0,"6":0,"7":0,"8":0,"9":0,"10":0,"11":0},"b":{"0":[0,1],"1":[0,1],"2":[0,0],"3":[0,1],"4":[0,0],"5":[0,0],"6":[0,1],"7":[0,0],"8":[0,1],"9":[0,0],"10":[0,1],"11":[0,0],"12":[0,1],"13":[0,0],"14":[0,1],"15":[0,0]},"_coverageSchema":"1a1c01bbd47fc00a2c39e90264f33305004495a9","hash":"1958b3d035b67c63bbf42d5f1ec0a2ce80bfb443"}
[...]
:127,"column":26},"end":{"line":138,"column":1}},"53":{"start":{"line":128,"column":4},"end":{"line":133,"column":5}},"54":{"start":{"line":129,"column":8},"end":{"line":131,"column":9}},"55":{"start":{"line":130,"column":12},"end":{"line":130,"column":104}},"56":{"start":{"line":132,"column":8},"end":{"line":132,"column":62}},"57":{"start":{"line":134,"column":4},"end":{"line":136,"column":5}},"58":{"start":{"line":135,"column":8},"end":{"line":135,"column":62}},"59":{"start":{"line":137,"column":4},"end":{"line":137,"column":11}},"60":{"start":{"line":141,"column":0},"end":{"line":147,"column":2}}},"fnMap":{"0":{"name":"(anonymous_0)","decl":{"start":{"line":13,"column":17},"end":{"line":13,"column":18}},"loc":{"start":{"line":13,"column":36},"end":{"line":15,"column":5}},"line":13},"1":{"name":"(anonymous_1)","decl":{"start":{"line":16,"column":14},"end":{"line":16,"column":15}},"loc":{"start":{"line":16,"column":33},"end":{"line":19,"column":5}},"line":16},"2":{"name":"(anonymous_2)","decl":{"start":{"line":22,"column":24},"end":{"line":22,"column":25}},"loc":{"start":{"line":22,"column":43},"end":{"line":36,"column":1}},"line":22},"3":{"name":"(anonymous_3)","decl":{"start":{"line":46,"column":17},"end":{"line":46,"column":18}},"loc":{"start":{"line":46,"column":36},"end":{"line":52,"column":5}},"line":46},"4":{"name":"(anonymous_4)","decl":{"start":{"line":53,"column":14},"end":{"line":53,"column":15}},"loc":{"start":{"line":53,"column":33},"end":{"line":60,"column":5}},"line":53},"5":{"name":"(anonymous_5)","decl":{"start":{"line":63,"column":24},"end":{"line":63,"column":25}},"loc":{"start":{"line":63,"column":43},"end":{"line":73,"column":1}},"line":63},"6":{"name":"(anonymous_6)","decl":{"start":{"line":86,"column":16},"end":{"line":86,"column":17}},"loc":{"start":{"line":86,"column":35},"end":{"line":95,"column":5}},"line":86},"7":{"name":"(anonymous_7)","decl":{"start":{"line":101,"column":16},"end":{"line":101,"column":17}},"loc":{"start":{"line":101,"column":35},"end":{"line":123,"column":5}},"line":101},"8":{"name":"(anonymous_8)","decl":{"start":{"line":127,"column":26},"end":{"line":127,"column":27}},"loc":{"start":{"line":127,"column":51},"end":{"line":138,"column":1}},"line":127}},"branchMap":{"0":{"loc":{"start":{"line":7,"column":0},"end":{"line":9,"column":1}},"type":"if","locations":[{"start":{"line":7,"column":0},"end":{"line":9,"column":1}},{"start":{},"end":{}}],"line":7},"1":{"loc":{"start":{"line":31,"column":4},"end":{"line":35,"column":5}},"type":"if","locations":[{"start":{"line":31,"column":4},"end":{"line":35,"column":5}},{"start":{"line":33,"column":11},"end":{"line":35,"column":5}}],"line":31},"2":{"loc":{"start":{"line":31,"column":8},"end":{"line":31,"column":72}},"type":"binary-expr","locations":[{"start":{"line":31,"column":8},"end":{"line":31,"column":44}},{"start":{"line":31,"column":48},"end":{"line":31,"column":72}}],"line":31},"3":{"loc":{"start":{"line":48,"column":8},"end":{"line":50,"column":9}},"type":"if","locations":[{"start":{"line":48,"column":8},"end":{"line":50,"column":9}},{"start":{},"end":{}}],"line":48},"4":{"loc":{"start":{"line":58,"column":8},"end":{"line":58,"column":50}},"type":"if","locations":[{"start":{"line":58,"column":8},"end":{"line":58,"column":50}},{"start":{},"end":{}}],"line":58},"5":{"loc":{"start":{"line":68,"column":4},"end":{"line":72,"column":5}},"type":"if","locations":[{"start":{"line":68,"column":4},"end":{"line":72,"column":5}},{"start":{"line":70,"column":11},"end":{"line":72,"column":5}}],"line":68},"6":{"loc":{"start":{"line":68,"column":8},"end":{"line":68,"column":73}},"type":"binary-expr","locations":[{"start":{"line":68,"column":8},"end":{"line":68,"column":44}},{"start":{"line":68,"column":48},"end":{"line":68,"column":73}}],"line":68},"7":{"loc":{"start":{"line":90,"column":8},"end":{"line":94,"column":9}},"type":"if","locations":[{"start":{"line":90,"column":8},"end":{"line":94,"column":9}},{"start":{"line":92,"column":15},"end":{"line":94,"column":9}}],"line":90},"8":{"loc":{"start":{"line":90,"column":12},"end":{"line":90,"column":87}},"type":"binary-expr","locations":[{"start":{"line":90,"column":12},"end":{"line":90,"column":53}},{"start":{"line":90,"column":57},"end":{"line":90,"column":87}}],"line":90},"9":{"loc":{"start":{"line":118,"column":8},"end":{"line":122,"column":9}},"type":"if","locations":[{"start":{"line":118,"column":8},"end":{"line":122,"column":9}},{"start":{"line":120,"column":15},"end":{"line":122,"column":9}}],"line":118},"10":{"loc":{"start":{"line":118,"column":12},"end":{"line":118,"column":77}},"type":"binary-expr","locations":[{"start":{"line":118,"column":12},"end":{"line":118,"column":37}},{"start":{"line":118,"column":41},"end":{"line":118,"column":77}}],"line":118},"11":{"loc":{"start":{"line":128,"column":4},"end":{"line":133,"column":5}},"type":"if","locations":[{"start":{"line":128,"column":4},"end":{"line":133,"column":5}},{"start":{},"end":{}}],"line":128},"12":{"loc":{"start":{"line":129,"column":8},"end":{"line":131,"column":9}},"type":"if","locations":[{"start":{"line":129,"column":8},"end":{"line":131,"column":9}},{"start":{},"end":{}}],"line":129},"13":{"loc":{"start":{"line":134,"column":4},"end":{"line":136,"column":5}},"type":"if","locations":[{"start":{"line":134,"column":4},"end":{"line":136,"column":5}},{"start":{},"end":{}}],"line":134}},"s":{"0":3,"1":3,"2":3,"3":3,"4":3,"5":0,"6":3,"7":0,"8":0,"9":0,"10":3,"11":0,"12":0,"13":0,"14":0,"15":0,"16":0,"17":3,"18":3,"19":0,"20":0,"21":0,"22":0,"23":0,"24":0,"25":0,"26":0,"27":0,"28":0,"29":3,"30":0,"31":0,"32":0,"33":0,"34":0,"35":0,"36":3,"37":3,"38":3,"39":0,"40":0,"41":0,"42":0,"43":0,"44":0,"45":3,"46":0,"47":0,"48":0,"49":0,"50":0,"51":0,"52":3,"53":0,"54":0,"55":0,"56":0,"57":0,"58":0,"59":0,"60":3},"f":{"0":0,"1":0,"2":0,"3":0,"4":0,"5":0,"6":0,"7":0,"8":0},"b":{"0":[0,3],"1":[0,0],"2":[0,0],"3":[0,0],"4":[0,0],"5":[0,0],"6":[0,0],"7":[0,0],"8":[0,0],"9":[0,0],"10":[0,0],"11":[0,0],"12":[0,0],"13":[0,0]},"_coverageSchema":"1a1c01bbd47fc00a2c39e90264f33305004495a9","hash":"abf92e64b2f45a362d7e9d905a7956d1c8d53c02"}
,"/home/men3em/Documents/projects/academic-portal/academic-portal/backend/utils/AppError.js": {"path":"/home/men3em/Documents/projects/academic-portal/academic-portal/backend/utils/AppError.js","statementMap":{"0":{"start":{"line":3,"column":4},"end":{"line":3,"column":19}},"1":{"start":{"line":4,"column":4},"end":{"line":4,"column":40}},"2":{"start":{"line":5,"column":4},"end":{"line":5,"column":41}},"3":{"start":{"line":6,"column":4},"end":{"line":6,"column":30}},"4":{"start":{"line":7,"column":4},"end":{"line":7,"column":52}},"5":{"start":{"line":13,"column":4},"end":{"line":13,"column":53}},"6":{"start":{"line":19,"column":4},"end":{"line":19,"column":40}},"7":{"start":{"line":25,"column":4},"end":{"line":25,"column":37}},"8":{"start":{"line":31,"column":4},"end":{"line":31,"column":44}},"9":{"start":{"line":35,"column":0},"end":{"line":35,"column":97}}},"fnMap":{"0":{"name":"(anonymous_0)","decl":{"start":{"line":2,"column":2},"end":{"line":2,"column":3}},"loc":{"start":{"line":2,"column":41},"end":{"line":8,"column":3}},"line":2},"1":{"name":"(anonymous_1)","decl":{"start":{"line":12,"column":2},"end":{"line":12,"column":3}},"loc":{"start":{"line":12,"column":37},"end":{"line":14,"column":3}},"line":12},"2":{"name":"(anonymous_2)","decl":{"start":{"line":18,"column":2},"end":{"line":18,"column":3}},"loc":{"start":{"line":18,"column":40},"end":{"line":20,"column":3}},"line":18},"3":{"name":"(anonymous_3)","decl":{"start":{"line":24,"column":2},"end":{"line":24,"column":3}},"loc":{"start":{"line":24,"column":41},"end":{"line":26,"column":3}},"line":24},"4":{"name":"(anonymous_4)","decl":{"start":{"line":30,"column":2},"end":{"line":30,"column":3}},"loc":{"start":{"line":30,"column":45},"end":{"line":32,"column":3}},"line":30}},"branchMap":{"0":{"loc":{"start":{"line":4,"column":22},"end":{"line":4,"column":39}},"type":"binary-expr","locations":[{"start":{"line":4,"column":22},"end":{"line":4,"column":32}},{"start":{"line":4,"column":36},"end":{"line":4,"column":39}}],"line":4},"1":{"loc":{"start":{"line":5,"column":16},"end":{"line":5,"column":40}},"type":"binary-expr","locations":[{"start":{"line":5,"column":16},"end":{"line":5,"column":20}},{"start":{"line":5,"column":24},"end":{"line":5,"column":40}}],"line":5},"2":{"loc":{"start":{"line":12,"column":14},"end":{"line":12,"column":35}},"type":"default-arg","locations":[{"start":{"line":12,"column":25},"end":{"line":12,"column":35}}],"line":12},"3":{"loc":{"start":{"line":18,"column":14},"end":{"line":18,"column":38}},"type":"default-arg","locations":[{"start":{"line":18,"column":24},"end":{"line":18,"column":38}}],"line":18},"4":{"loc":{"start":{"line":24,"column":14},"end":{"line":24,"column":39}},"type":"default-arg","locations":[{"start":{"line":24,"column":24},"end":{"line":24,"column":39}}],"line":24},"5":{"loc":{"start":{"line":30,"column":14},"end":{"line":30,"column":43}},"type":"default-arg","locations":[{"start":{"line":30,"column":24},"end":{"line":30,"column":43}}],"line":30}},"s":{"0":0,"1":0,"2":0,"3":0,"4":0,"5":0,"6":0,"7":0,"8":0,"9":3},"f":{"0":0,"1":0,"2":0,"3":0,"4":0},"b":{"0":[0,0],"1":[0,0],"2":[0],"3":[0],"4":[0],"5":[0]},"_coverageSchema":"1a1c01bbd47fc00a2c39e90264f33305004495a9","hash":"7aba630b824a1c5110dadae35fef29147f43135b"}
,"/home/men3em/Documents/projects/academic-portal/academic-portal/backend/utils/asyncHandler.js": {"path":"/home/men3em/Documents/projects/academic-portal/academic-portal/backend/utils/asyncHandler.js","statementMap":{"0":{"start":{"line":1,"column":21},"end":{"line":3,"column":1}},"1":{"start":{"line":1,"column":29},"end":{"line":3,"column":1}},"2":{"start":{"line":2,"column":2},"end":{"line":2,"column":50}},"3":{"start":{"line":5,"column":0},"end":{"line":5,"column":30}}},"fnMap":{"0":{"name":"(anonymous_0)","decl":{"start":{"line":1,"column":21},"end":{"line":1,"column":22}},"loc":{"start":{"line":1,"column":29},"end":{"line":3,"column":1}},"line":1},"1":{"name":"(anonymous_1)","decl":{"start":{"line":1,"column":29},"end":{"line":1,"column":30}},"loc":{"start":{"line":1,"column":49},"end":{"line":3,"column":1}},"line":1}},"branchMap":{},"s":{"0":3,"1":12,"2":0,"3":3},"f":{"0":12,"1":0},"b":{},"_coverageSchema":"1a1c01bbd47fc00a2c39e90264f33305004495a9","hash":"0232b6e02a6de88afb44d1f5f4f67979259d10f2"}
,"/home/men3em/Documents/projects/academic-portal/academic-portal/backend/utils/fcmHelper.js": {"path":"/home/men3em/Documents/projects/academic-portal/academic-portal/backend/utils/fcmHelper.js","statementMap":{"0":{"start":{"line":1,"column":22},"end":{"line":1,"column":56}},"1":{"start":{"line":9,"column":29},"end":{"line":86,"column":1}},"2":{"start":{"line":10,"column":2},"end":{"line":13,"column":3}},"3":{"start":{"line":11,"column":4},"end":{"line":11,"column":82}},"4":{"start":{"line":12,"column":4},"end":{"line":12,"column":16}},"5":{"start":{"line":15,"column":20},"end":{"line":15,"column":61}},"6":{"start":{"line":16,"column":22},"end":{"line":16,"column":69}},"7":{"start":{"line":16,"column":44},"end":{"line":16,"column":68}},"8":{"start":{"line":18,"column":2},"end":{"line":21,"column":3}},"9":{"start":{"line":19,"column":4},"end":{"line":19,"column":67}},"10":{"start":{"line":20,"column":4},"end":{"line":20,"column":16}},"11":{"start":{"line":24,"column":21},"end":{"line":24,"column":23}},"12":{"start":{"line":25,"column":2},"end":{"line":27,"column":3}},"13":{"start":{"line":26,"column":4},"end":{"line":26,"column":36}},"14":{"start":{"line":29,"column":2},"end":{"line":85,"column":3}},"15":{"start":{"line":30,"column":4},"end":{"line":81,"column":5}},"16":{"start":{"line":32,"column":23},"end":{"line":48,"column":8}},"17":{"start":{"line":49,"column":6},"end":{"line":49,"column":57}},"18":{"start":{"line":50,"column":6},"end":{"line":50,"column":22}},"19":{"start":{"line":53,"column":23},"end":{"line":69,"column":8}},"20":{"start":{"line":70,"column":6},"end":{"line":70,"column":96}},"21":{"start":{"line":73,"column":6},"end":{"line":79,"column":7}},"22":{"start":{"line":74,"column":8},"end":{"line":78,"column":11}},"23":{"start":{"line":75,"column":10},"end":{"line":77,"column":11}},"24":{"start":{"line":76,"column":12},"end":{"line":76,"column":76}},"25":{"start":{"line":80,"column":6},"end":{"line":80,"column":22}},"26":{"start":{"line":83,"column":4},"end":{"line":83,"column":71}},"27":{"start":{"line":84,"column":4},"end":{"line":84,"column":16}},"28":{"start":{"line":88,"column":0},"end":{"line":88,"column":42}}},"fnMap":{"0":{"name":"(anonymous_0)","decl":{"start":{"line":9,"column":29},"end":{"line":9,"column":30}},"loc":{"start":{"line":9,"column":72},"end":{"line":86,"column":1}},"line":9},"1":{"name":"(anonymous_1)","decl":{"start":{"line":16,"column":39},"end":{"line":16,"column":40}},"loc":{"start":{"line":16,"column":44},"end":{"line":16,"column":68}},"line":16},"2":{"name":"(anonymous_2)","decl":{"start":{"line":74,"column":35},"end":{"line":74,"column":36}},"loc":{"start":{"line":74,"column":50},"end":{"line":78,"column":9}},"line":74}},"branchMap":{"0":{"loc":{"start":{"line":9,"column":58},"end":{"line":9,"column":67}},"type":"default-arg","locations":[{"start":{"line":9,"column":65},"end":{"line":9,"column":67}}],"line":9},"1":{"loc":{"start":{"line":10,"column":2},"end":{"line":13,"column":3}},"type":"if","locations":[{"start":{"line":10,"column":2},"end":{"line":13,"column":3}},{"start":{},"end":{}}],"line":10},"2":{"loc":{"start":{"line":15,"column":20},"end":{"line":15,"column":61}},"type":"cond-expr","locations":[{"start":{"line":15,"column":44},"end":{"line":15,"column":50}},{"start":{"line":15,"column":53},"end":{"line":15,"column":61}}],"line":15},"3":{"loc":{"start":{"line":16,"column":44},"end":{"line":16,"column":68}},"type":"binary-expr","locations":[{"start":{"line":16,"column":44},"end":{"line":16,"column":45}},{"start":{"line":16,"column":49},"end":{"line":16,"column":68}}],"line":16},"4":{"loc":{"start":{"line":18,"column":2},"end":{"line":21,"column":3}},"type":"if","locations":[{"start":{"line":18,"column":2},"end":{"line":21,"column":3}},{"start":{},"end":{}}],"line":18},"5":{"loc":{"start":{"line":30,"column":4},"end":{"line":81,"column":5}},"type":"if","locations":[{"start":{"line":30,"column":4},"end":{"line":81,"column":5}},{"start":{"line":51,"column":11},"end":{"line":81,"column":5}}],"line":30},"6":{"loc":{"start":{"line":73,"column":6},"end":{"line":79,"column":7}},"type":"if","locations":[{"start":{"line":73,"column":6},"end":{"line":79,"column":7}},{"start":{},"end":{}}],"line":73},"7":{"loc":{"start":{"line":75,"column":10},"end":{"line":77,"column":11}},"type":"if","locations":[{"start":{"line":75,"column":10},"end":{"line":77,"column":11}},{"start":{},"end":{}}],"line":75}},"s":{"0":3,"1":3,"2":0,"3":0,"4":0,"5":0,"6":0,"7":0,"8":0,"9":0,"10":0,"11":0,"12":0,"13":0,"14":0,"15":0,"16":0,"17":0,"18":0,"19":0,"20":0,"21":0,"22":0,"23":0,"24":0,"25":0,"26":0,"27":0,"28":3},"f":{"0":0,"1":0,"2":0},"b":{"0":[0],"1":[0,0],"2":[0,0],"3":[0,0],"4":[0,0],"5":[0,0],"6":[0,0],"7":[0,0]},"_coverageSchema":"1a1c01bbd47fc00a2c39e90264f33305004495a9","hash":"1cb130d1ef6e6c5ec3a830ea089b070c6176e228"}
,"/home/men3em/Documents/projects/academic-portal/academic-portal/backend/utils/mailer.js": {"path":"/home/men3em/Documents/projects/academic-portal/academic-portal/backend/utils/mailer.js","statementMap":{"0":{"start":{"line":1,"column":19},"end":{"line":1,"column":40}},"1":{"start":{"line":2,"column":19},"end":{"line":2,"column":36}},"2":{"start":{"line":3,"column":0},"end":{"line":3,"column":27}},"3":{"start":{"line":6,"column":18},"end":{"line":6,"column":46}},"4":{"start":{"line":9,"column":0},"end":{"line":12,"column":1}},"5":{"start":{"line":10,"column":2},"end":{"line":10,"column":50}},"6":{"start":{"line":11,"column":2},"end":{"line":11,"column":52}},"7":{"start":{"line":15,"column":0},"end":{"line":24,"column":1}},"8":{"start":{"line":16,"column":2},"end":{"line":22,"column":5}},"9":{"start":{"line":23,"column":2},"end":{"line":23,"column":56}},"10":{"start":{"line":26,"column":18},"end":{"line":55,"column":1}},"11":{"start":{"line":27,"column":2},"end":{"line":54,"column":3}},"12":{"start":{"line":28,"column":4},"end":{"line":50,"column":5}},"13":{"start":{"line":29,"column":30},"end":{"line":34,"column":8}},"14":{"start":{"line":35,"column":6},"end":{"line":38,"column":7}},"15":{"start":{"line":36,"column":8},"end":{"line":36,"column":48}},"16":{"start":{"line":37,"column":8},"end":{"line":37,"column":21}},"17":{"start":{"line":39,"column":6},"end":{"line":39,"column":56}},"18":{"start":{"line":40,"column":6},"end":{"line":40,"column":18}},"19":{"start":{"line":42,"column":19},"end":{"line":47,"column":8}},"20":{"start":{"line":48,"column":6},"end":{"line":48,"column":61}},"21":{"start":{"line":49,"column":6},"end":{"line":49,"column":18}},"22":{"start":{"line":52,"column":4},"end":{"line":52,"column":51}},"23":{"start":{"line":53,"column":4},"end":{"line":53,"column":17}},"24":{"start":{"line":57,"column":31},"end":{"line":80,"column":1}},"25":{"start":{"line":58,"column":19},"end":{"line":58,"column":114}},"26":{"start":{"line":60,"column":15},"end":{"line":77,"column":3}},"27":{"start":{"line":79,"column":2},"end":{"line":79,"column":61}},"28":{"start":{"line":82,"column":30},"end":{"line":105,"column":1}},"29":{"start":{"line":83,"column":20},"end":{"line":83,"column":114}},"30":{"start":{"line":85,"column":15},"end":{"line":102,"column":3}},"31":{"start":{"line":104,"column":2},"end":{"line":104,"column":64}},"32":{"start":{"line":107,"column":0},"end":{"line":110,"column":2}}},"fnMap":{"0":{"name":"(anonymous_0)","decl":{"start":{"line":26,"column":18},"end":{"line":26,"column":19}},"loc":{"start":{"line":26,"column":47},"end":{"line":55,"column":1}},"line":26},"1":{"name":"(anonymous_1)","decl":{"start":{"line":57,"column":31},"end":{"line":57,"column":32}},"loc":{"start":{"line":57,"column":57},"end":{"line":80,"column":1}},"line":57},"2":{"name":"(anonymous_2)","decl":{"start":{"line":82,"column":30},"end":{"line":82,"column":31}},"loc":{"start":{"line":82,"column":57},"end":{"line":105,"column":1}},"line":82}},"branchMap":{"0":{"loc":{"start":{"line":9,"column":0},"end":{"line":12,"column":1}},"type":"if","locations":[{"start":{"line":9,"column":0},"end":{"line":12,"column":1}},{"start":{},"end":{}}],"line":9},"1":{"loc":{"start":{"line":15,"column":0},"end":{"line":24,"column":1}},"type":"if","locations":[{"start":{"line":15,"column":0},"end":{"line":24,"column":1}},{"start":{},"end":{}}],"line":15},"2":{"loc":{"start":{"line":28,"column":4},"end":{"line":50,"column":5}},"type":"if","locations":[{"start":{"line":28,"column":4},"end":{"line":50,"column":5}},{"start":{"line":41,"column":11},"end":{"line":50,"column":5}}],"line":28},"3":{"loc":{"start":{"line":35,"column":6},"end":{"line":38,"column":7}},"type":"if","locations":[{"start":{"line":35,"column":6},"end":{"line":38,"column":7}},{"start":{},"end":{}}],"line":35},"4":{"loc":{"start":{"line":58,"column":22},"end":{"line":58,"column":77}},"type":"binary-expr","locations":[{"start":{"line":58,"column":22},"end":{"line":58,"column":46}},{"start":{"line":58,"column":50},"end":{"line":58,"column":77}}],"line":58},"5":{"loc":{"start":{"line":83,"column":23},"end":{"line":83,"column":78}},"type":"binary-expr","locations":[{"start":{"line":83,"column":23},"end":{"line":83,"column":47}},{"start":{"line":83,"column":51},"end":{"line":83,"column":78}}],"line":83}},"s":{"0":3,"1":3,"2":3,"3":3,"4":3,"5":3,"6":3,"7":3,"8":0,"9":0,"10":3,"11":0,"12":0,"13":0,"14":0,"15":0,"16":0,"17":0,"18":0,"19":0,"20":0,"21":0,"22":0,"23":0,"24":3,"25":0,"26":0,"27":0,"28":3,"29":0,"30":0,"31":0,"32":3},"f":{"0":0,"1":0,"2":0},"b":{"0":[3,0],"1":[0,3],"2":[0,0],"3":[0,0],"4":[0,0],"5":[0,0]},"_coverageSchema":"1a1c01bbd47fc00a2c39e90264f33305004495a9","hash":"9466aa710e5c59cb54b1314a3d509572a17527ca"}
}
