TN:
SF:server.js
FN:79,(anonymous_0)
FN:82,(anonymous_1)
FN:88,(anonymous_2)
FN:109,(anonymous_3)
FN:111,(anonymous_4)
FN:118,(anonymous_5)
FN:171,(anonymous_6)
FN:235,(anonymous_7)
FN:266,(anonymous_8)
FN:276,(anonymous_9)
FN:305,(anonymous_10)
FN:316,(anonymous_11)
FN:334,(anonymous_12)
FNF:13
FNH:7
FNDA:24,(anonymous_0)
FNDA:24,(anonymous_1)
FNDA:4,(anonymous_2)
FNDA:24,(anonymous_3)
FNDA:0,(anonymous_4)
FNDA:24,(anonymous_5)
FNDA:0,(anonymous_6)
FNDA:16,(anonymous_7)
FNDA:0,(anonymous_8)
FNDA:0,(anonymous_9)
FNDA:0,(anonymous_10)
FNDA:0,(anonymous_11)
FNDA:3,(anonymous_12)
DA:1,3
DA:2,3
DA:3,3
DA:4,3
DA:5,3
DA:6,3
DA:8,3
DA:12,3
DA:13,0
DA:14,0
DA:19,0
DA:23,3
DA:24,3
DA:25,0
DA:27,3
DA:28,3
DA:29,0
DA:30,0
DA:34,3
DA:35,3
DA:36,3
DA:37,3
DA:38,3
DA:39,3
DA:40,3
DA:41,3
DA:42,3
DA:43,3
DA:44,3
DA:45,3
DA:46,3
DA:47,3
DA:48,3
DA:49,3
DA:50,3
DA:51,3
DA:52,3
DA:53,3
DA:54,3
DA:55,3
DA:56,3
DA:67,3
DA:69,3
DA:70,3
DA:73,3
DA:76,3
DA:79,24
DA:82,24
DA:88,4
DA:93,3
DA:96,3
DA:105,3
DA:106,3
DA:109,3
DA:110,24
DA:111,0
DA:112,0
DA:113,0
DA:117,3
DA:119,24
DA:120,24
DA:122,0
DA:123,0
DA:133,3
DA:149,3
DA:150,3
DA:151,3
DA:154,3
DA:157,3
DA:158,3
DA:159,3
DA:160,3
DA:161,3
DA:162,3
DA:163,3
DA:165,3
DA:166,0
DA:170,3
DA:171,3
DA:172,0
DA:173,0
DA:174,0
DA:176,0
DA:177,0
DA:179,0
DA:182,0
DA:183,0
DA:184,0
DA:185,0
DA:188,0
DA:192,3
DA:193,3
DA:194,3
DA:195,3
DA:196,3
DA:197,3
DA:198,3
DA:199,3
DA:200,3
DA:201,3
DA:202,3
DA:203,3
DA:205,3
DA:206,3
DA:207,3
DA:208,3
DA:209,3
DA:210,3
DA:211,3
DA:212,3
DA:213,3
DA:214,3
DA:215,3
DA:216,3
DA:217,3
DA:218,3
DA:219,3
DA:220,3
DA:221,3
DA:222,3
DA:223,3
DA:225,3
DA:226,3
DA:228,3
DA:229,3
DA:231,3
DA:232,3
DA:235,3
DA:236,16
DA:245,16
DA:246,16
DA:247,16
DA:248,16
DA:250,0
DA:251,0
DA:254,16
DA:255,16
DA:256,16
DA:257,16
DA:259,0
DA:262,16
DA:263,16
DA:266,3
DA:267,0
DA:275,3
DA:276,2
DA:277,0
DA:279,0
DA:280,0
DA:281,0
DA:286,0
DA:294,0
DA:295,0
DA:296,0
DA:298,0
DA:299,0
DA:305,3
DA:306,0
DA:307,0
DA:311,3
DA:312,0
DA:316,3
DA:317,0
DA:318,0
DA:319,0
DA:323,0
DA:324,0
DA:327,0
DA:334,3
DA:335,3
DA:337,3
DA:338,3
DA:339,3
DA:340,3
DA:342,3
DA:343,3
DA:344,3
DA:347,3
LF:178
LH:132
BRDA:12,0,0,0
BRDA:12,0,1,3
BRDA:12,1,0,3
BRDA:12,1,1,1
BRDA:17,2,0,0
BRDA:17,2,1,0
BRDA:24,3,0,0
BRDA:24,3,1,3
BRDA:24,4,0,3
BRDA:24,4,1,0
BRDA:28,5,0,0
BRDA:28,5,1,3
BRDA:70,6,0,3
BRDA:70,6,1,0
BRDA:85,7,0,24
BRDA:85,7,1,24
BRDA:85,7,2,24
BRDA:105,8,0,3
BRDA:105,8,1,0
BRDA:110,9,0,24
BRDA:110,9,1,0
BRDA:112,10,0,0
BRDA:112,10,1,0
BRDA:119,11,0,24
BRDA:119,11,1,0
BRDA:165,12,0,0
BRDA:165,12,1,3
BRDA:172,13,0,0
BRDA:172,13,1,0
BRDA:173,14,0,0
BRDA:173,14,1,0
BRDA:184,15,0,0
BRDA:184,15,1,0
BRDA:241,16,0,16
BRDA:241,16,1,0
BRDA:262,17,0,16
BRDA:262,17,1,0
BRDA:268,18,0,0
BRDA:268,18,1,0
BRDA:269,19,0,0
BRDA:269,19,1,0
BRDA:270,20,0,0
BRDA:270,20,1,0
BRDA:275,21,0,2
BRDA:275,21,1,1
BRDA:280,22,0,0
BRDA:280,22,1,0
BRDA:298,23,0,0
BRDA:298,23,1,0
BRDA:311,24,0,0
BRDA:311,24,1,3
BRDA:317,25,0,0
BRDA:317,25,1,0
BRDA:317,25,2,0
BRDA:318,26,0,0
BRDA:318,26,1,0
BRDA:319,27,0,0
BRDA:319,27,1,0
BRDA:321,28,0,0
BRDA:321,28,1,0
BRDA:323,29,0,0
BRDA:323,29,1,0
BRDA:329,30,0,0
BRDA:329,30,1,0
BRDA:329,31,0,0
BRDA:329,31,1,0
BRDA:330,32,0,0
BRDA:330,32,1,0
BRF:68
BRH:19
end_of_record
TN:
SF:config/firebaseAdmin.js
FNF:0
FNH:0
DA:1,3
DA:2,3
DA:3,3
DA:5,3
DA:6,3
DA:8,3
DA:11,3
DA:13,3
DA:14,3
DA:15,0
DA:17,0
DA:20,3
DA:21,3
DA:22,3
DA:26,3
DA:27,3
DA:29,0
DA:32,0
DA:35,3
LF:19
LH:15
BRDA:11,0,0,3
BRDA:11,0,1,0
BRDA:15,1,0,0
BRDA:15,1,1,0
BRDA:20,2,0,3
BRDA:20,2,1,0
BRDA:21,3,0,3
BRDA:21,3,1,0
BRF:8
BRH:3
end_of_record
TN:
SF:config/supabase.js
FNF:0
FNH:0
DA:1,3
DA:2,3
DA:4,3
DA:5,3
DA:8,3
DA:9,3
DA:10,3
DA:12,0
DA:13,0
DA:16,0
DA:17,0
DA:20,3
LF:12
LH:8
BRDA:9,0,0,3
BRDA:9,0,1,0
BRDA:9,1,0,3
BRDA:9,1,1,3
BRF:4
BRH:3
end_of_record
TN:
SF:middleware/adminLogger.js
FN:11,(anonymous_0)
FN:76,(anonymous_1)
FN:113,(anonymous_2)
FN:127,(anonymous_3)
FN:129,(anonymous_4)
FN:189,(anonymous_5)
FNF:6
FNH:1
FNDA:0,(anonymous_0)
FNDA:0,(anonymous_1)
FNDA:4,(anonymous_2)
FNDA:0,(anonymous_3)
FNDA:0,(anonymous_4)
FNDA:0,(anonymous_5)
DA:1,3
DA:2,3
DA:3,3
DA:11,3
DA:12,0
DA:14,0
DA:66,0
DA:67,0
DA:68,0
DA:72,0
DA:76,3
DA:77,0
DA:79,0
DA:80,0
DA:81,0
DA:82,0
DA:83,0
DA:86,0
DA:88,0
DA:89,0
DA:90,0
DA:91,0
DA:94,0
DA:95,0
DA:96,0
DA:97,0
DA:98,0
DA:99,0
DA:100,0
DA:101,0
DA:102,0
DA:103,0
DA:106,0
DA:113,3
DA:115,4
DA:116,1
DA:120,3
DA:121,3
DA:125,0
DA:127,0
DA:129,0
DA:130,0
DA:131,0
DA:132,0
DA:133,0
DA:134,0
DA:136,0
DA:137,0
DA:138,0
DA:139,0
DA:140,0
DA:143,0
DA:144,0
DA:147,0
DA:148,0
DA:149,0
DA:150,0
DA:152,0
DA:160,0
DA:161,0
DA:163,0
DA:176,0
DA:180,0
DA:183,0
DA:189,3
DA:190,0
DA:191,0
DA:204,0
DA:208,3
LF:69
LH:12
BRDA:20,0,0,0
BRDA:20,0,1,0
BRDA:20,1,0,0
BRDA:20,1,1,0
BRDA:21,2,0,0
BRDA:21,2,1,0
BRDA:21,3,0,0
BRDA:21,3,1,0
BRDA:21,4,0,0
BRDA:21,4,1,0
BRDA:24,5,0,0
BRDA:24,5,1,0
BRDA:24,6,0,0
BRDA:24,6,1,0
BRDA:24,7,0,0
BRDA:24,7,1,0
BRDA:29,8,0,0
BRDA:29,8,1,0
BRDA:29,9,0,0
BRDA:29,9,1,0
BRDA:29,10,0,0
BRDA:29,10,1,0
BRDA:34,11,0,0
BRDA:34,11,1,0
BRDA:34,12,0,0
BRDA:34,12,1,0
BRDA:34,13,0,0
BRDA:34,13,1,0
BRDA:37,14,0,0
BRDA:37,14,1,0
BRDA:37,15,0,0
BRDA:37,15,1,0
BRDA:37,16,0,0
BRDA:37,16,1,0
BRDA:40,17,0,0
BRDA:40,17,1,0
BRDA:40,18,0,0
BRDA:40,18,1,0
BRDA:40,19,0,0
BRDA:40,19,1,0
BRDA:44,20,0,0
BRDA:44,20,1,0
BRDA:44,21,0,0
BRDA:44,21,1,0
BRDA:44,22,0,0
BRDA:44,22,1,0
BRDA:47,23,0,0
BRDA:47,23,1,0
BRDA:47,24,0,0
BRDA:47,24,1,0
BRDA:47,25,0,0
BRDA:47,25,1,0
BRDA:50,26,0,0
BRDA:50,26,1,0
BRDA:50,27,0,0
BRDA:50,27,1,0
BRDA:50,28,0,0
BRDA:50,28,1,0
BRDA:53,29,0,0
BRDA:53,29,1,0
BRDA:53,30,0,0
BRDA:53,30,1,0
BRDA:53,31,0,0
BRDA:53,31,1,0
BRDA:56,32,0,0
BRDA:56,32,1,0
BRDA:56,33,0,0
BRDA:56,33,1,0
BRDA:56,34,0,0
BRDA:56,34,1,0
BRDA:60,35,0,0
BRDA:60,35,1,0
BRDA:60,36,0,0
BRDA:60,36,1,0
BRDA:60,37,0,0
BRDA:60,37,1,0
BRDA:67,38,0,0
BRDA:67,38,1,0
BRDA:79,39,0,0
BRDA:79,39,1,0
BRDA:80,40,0,0
BRDA:80,40,1,0
BRDA:81,41,0,0
BRDA:81,41,1,0
BRDA:82,42,0,0
BRDA:82,42,1,0
BRDA:83,43,0,0
BRDA:83,43,1,0
BRDA:86,44,0,0
BRDA:86,44,1,0
BRDA:86,45,0,0
BRDA:86,45,1,0
BRDA:94,46,0,0
BRDA:94,46,1,0
BRDA:95,47,0,0
BRDA:95,47,1,0
BRDA:96,48,0,0
BRDA:96,48,1,0
BRDA:97,49,0,0
BRDA:97,49,1,0
BRDA:98,50,0,0
BRDA:98,50,1,0
BRDA:99,51,0,0
BRDA:99,51,1,0
BRDA:100,52,0,0
BRDA:100,52,1,0
BRDA:101,53,0,0
BRDA:101,53,1,0
BRDA:102,54,0,0
BRDA:102,54,1,0
BRDA:103,55,0,0
BRDA:103,55,1,0
BRDA:115,56,0,1
BRDA:115,56,1,3
BRDA:120,57,0,3
BRDA:120,57,1,0
BRDA:120,58,0,3
BRDA:120,58,1,0
BRDA:136,59,0,0
BRDA:136,59,1,0
BRDA:139,60,0,0
BRDA:139,60,1,0
BRDA:140,61,0,0
BRDA:140,61,1,0
BRDA:143,62,0,0
BRDA:143,62,1,0
BRDA:150,63,0,0
BRDA:150,63,1,0
BRDA:172,64,0,0
BRDA:172,64,1,0
BRDA:200,65,0,0
BRDA:200,65,1,0
BRF:132
BRH:4
end_of_record
TN:
SF:middleware/auth.js
FN:3,(anonymous_0)
FN:22,(anonymous_1)
FN:23,(anonymous_2)
FN:50,(anonymous_3)
FNF:4
FNH:2
FNDA:1,(anonymous_0)
FNDA:210,(anonymous_1)
FNDA:0,(anonymous_2)
FNDA:0,(anonymous_3)
DA:1,3
DA:3,3
DA:4,1
DA:6,1
DA:7,1
DA:10,0
DA:11,0
DA:12,0
DA:13,0
DA:15,0
DA:16,0
DA:18,0
DA:22,3
DA:23,210
DA:24,0
DA:26,0
DA:27,0
DA:30,0
DA:31,0
DA:33,0
DA:34,0
DA:35,0
DA:38,0
DA:39,0
DA:40,0
DA:43,0
DA:45,0
DA:50,3
DA:51,0
DA:54,3
LF:30
LH:9
BRDA:6,0,0,1
BRDA:6,0,1,0
BRDA:12,1,0,0
BRDA:12,1,1,0
BRDA:26,2,0,0
BRDA:26,2,1,0
BRDA:33,3,0,0
BRDA:33,3,1,0
BRDA:38,4,0,0
BRDA:38,4,1,0
BRDA:38,5,0,0
BRDA:38,5,1,0
BRDA:38,5,2,0
BRF:13
BRH:1
end_of_record
TN:
SF:middleware/cache.js
FN:3,(anonymous_0)
FN:12,(anonymous_1)
FN:13,(anonymous_2)
FN:25,(anonymous_3)
FN:33,(anonymous_4)
FN:38,(anonymous_5)
FN:43,(anonymous_6)
FN:44,(anonymous_7)
FN:47,(anonymous_8)
FN:49,(anonymous_9)
FNF:10
FNH:4
FNDA:0,(anonymous_0)
FNDA:15,(anonymous_1)
FNDA:0,(anonymous_2)
FNDA:0,(anonymous_3)
FNDA:0,(anonymous_4)
FNDA:0,(anonymous_5)
FNDA:3,(anonymous_6)
FNDA:4,(anonymous_7)
FNDA:3,(anonymous_8)
FNDA:0,(anonymous_9)
DA:1,3
DA:3,3
DA:4,0
DA:5,0
DA:6,0
DA:8,0
DA:12,3
DA:13,15
DA:14,0
DA:16,0
DA:18,0
DA:19,0
DA:20,0
DA:21,0
DA:24,0
DA:25,0
DA:26,0
DA:27,0
DA:29,0
DA:33,3
DA:34,0
DA:35,0
DA:38,3
DA:39,0
DA:40,0
DA:43,3
DA:44,3
DA:45,4
DA:46,3
DA:47,3
DA:48,3
DA:49,0
DA:51,3
DA:54,4
DA:58,3
LF:35
LH:15
BRDA:12,0,0,0
BRDA:14,1,0,0
BRDA:14,1,1,0
BRDA:16,2,0,0
BRDA:16,2,1,0
BRDA:20,3,0,0
BRDA:20,3,1,0
BRDA:34,4,0,0
BRDA:34,4,1,0
BRDA:39,5,0,0
BRDA:39,5,1,0
BRDA:43,6,0,0
BRDA:45,7,0,3
BRDA:45,7,1,1
BRDA:48,8,0,0
BRDA:48,8,1,3
BRF:16
BRH:3
end_of_record
TN:
SF:middleware/doctorAuth.js
FN:4,(anonymous_0)
FN:30,(anonymous_1)
FNF:2
FNH:1
FNDA:1,(anonymous_0)
FNDA:0,(anonymous_1)
DA:1,3
DA:2,3
DA:4,3
DA:5,1
DA:7,1
DA:8,1
DA:11,0
DA:12,0
DA:13,0
DA:14,0
DA:18,0
DA:19,0
DA:20,0
DA:23,0
DA:24,0
DA:26,0
DA:30,3
DA:31,0
DA:32,0
DA:33,0
DA:36,0
DA:37,0
DA:38,0
DA:39,0
DA:41,0
DA:43,0
DA:47,3
LF:27
LH:8
BRDA:7,0,0,1
BRDA:7,0,1,0
BRDA:13,1,0,0
BRDA:13,1,1,0
BRDA:19,2,0,0
BRDA:19,2,1,0
BRDA:31,3,0,0
BRDA:31,3,1,0
BRDA:31,3,2,0
BRDA:32,4,0,0
BRDA:32,4,1,0
BRDA:38,5,0,0
BRDA:38,5,1,0
BRF:13
BRH:1
end_of_record
TN:
SF:middleware/rateLimiter.js
FN:31,(anonymous_0)
FN:37,(anonymous_1)
FN:54,(anonymous_2)
FN:70,(anonymous_3)
FN:87,(anonymous_4)
FN:105,(anonymous_5)
FN:110,(anonymous_6)
FN:126,(anonymous_7)
FN:131,(anonymous_8)
FN:147,(anonymous_9)
FN:164,(anonymous_10)
FN:181,(anonymous_11)
FNF:12
FNH:1
FNDA:0,(anonymous_0)
FNDA:0,(anonymous_1)
FNDA:1,(anonymous_2)
FNDA:0,(anonymous_3)
FNDA:0,(anonymous_4)
FNDA:0,(anonymous_5)
FNDA:0,(anonymous_6)
FNDA:0,(anonymous_7)
FNDA:0,(anonymous_8)
FNDA:0,(anonymous_9)
FNDA:0,(anonymous_10)
FNDA:0,(anonymous_11)
DA:1,1
DA:2,1
DA:3,1
DA:5,1
DA:8,1
DA:21,1
DA:33,0
DA:34,0
DA:35,0
DA:38,0
DA:39,0
DA:44,1
DA:55,1
DA:56,1
DA:61,1
DA:71,0
DA:72,0
DA:73,0
DA:78,1
DA:88,0
DA:89,0
DA:90,0
DA:95,1
DA:106,0
DA:107,0
DA:108,0
DA:111,0
DA:112,0
DA:117,1
DA:127,0
DA:128,0
DA:129,0
DA:132,0
DA:133,0
DA:138,1
DA:148,0
DA:149,0
DA:150,0
DA:155,1
DA:165,0
DA:166,0
DA:167,0
DA:172,1
DA:182,0
DA:183,0
DA:184,0
DA:188,1
LF:47
LH:17
BRDA:10,0,0,0
BRDA:10,0,1,1
BRDA:23,1,0,0
BRDA:23,1,1,1
BRDA:34,2,0,0
BRDA:34,2,1,0
BRDA:46,3,0,0
BRDA:46,3,1,1
BRDA:71,4,0,0
BRDA:71,4,1,0
BRDA:88,5,0,0
BRDA:88,5,1,0
BRDA:97,6,0,0
BRDA:97,6,1,1
BRDA:107,7,0,0
BRDA:107,7,1,0
BRDA:119,8,0,0
BRDA:119,8,1,1
BRDA:128,9,0,0
BRDA:128,9,1,0
BRDA:140,10,0,0
BRDA:140,10,1,1
BRDA:149,11,0,0
BRDA:149,11,1,0
BRDA:157,12,0,0
BRDA:157,12,1,1
BRDA:166,13,0,0
BRDA:166,13,1,0
BRDA:174,14,0,0
BRDA:174,14,1,1
BRDA:183,15,0,0
BRDA:183,15,1,0
BRF:32
BRH:8
end_of_record
TN:
SF:middleware/studentAuth.js
FN:3,(anonymous_0)
FNF:1
FNH:1
FNDA:1,(anonymous_0)
DA:1,3
DA:3,3
DA:4,1
DA:6,1
DA:7,1
DA:10,0
DA:11,0
DA:13,0
DA:14,0
DA:17,0
DA:18,0
DA:20,0
DA:24,3
LF:13
LH:6
BRDA:6,0,0,1
BRDA:6,0,1,0
BRDA:13,1,0,0
BRDA:13,1,1,0
BRF:4
BRH:1
end_of_record
TN:
SF:middleware/taAuth.js
FN:4,(anonymous_0)
FNF:1
FNH:1
FNDA:1,(anonymous_0)
DA:1,3
DA:2,3
DA:4,3
DA:5,1
DA:7,1
DA:8,1
DA:11,0
DA:12,0
DA:13,0
DA:14,0
DA:17,0
DA:18,0
DA:19,0
DA:22,0
DA:23,0
DA:25,0
DA:29,3
LF:17
LH:7
BRDA:7,0,0,1
BRDA:7,0,1,0
BRDA:13,1,0,0
BRDA:13,1,1,0
BRDA:18,2,0,0
BRDA:18,2,1,0
BRF:6
BRH:1
end_of_record
TN:
SF:middleware/upload.js
FN:13,(anonymous_0)
FN:16,(anonymous_1)
FN:22,(anonymous_2)
FN:46,(anonymous_3)
FN:53,(anonymous_4)
FN:63,(anonymous_5)
FN:86,(anonymous_6)
FN:101,(anonymous_7)
FN:127,(anonymous_8)
FNF:9
FNH:0
FNDA:0,(anonymous_0)
FNDA:0,(anonymous_1)
FNDA:0,(anonymous_2)
FNDA:0,(anonymous_3)
FNDA:0,(anonymous_4)
FNDA:0,(anonymous_5)
FNDA:0,(anonymous_6)
FNDA:0,(anonymous_7)
FNDA:0,(anonymous_8)
DA:1,3
DA:2,3
DA:3,3
DA:6,3
DA:7,3
DA:8,0
DA:12,3
DA:14,0
DA:17,0
DA:18,0
DA:22,3
DA:23,0
DA:28,0
DA:29,0
DA:31,0
DA:32,0
DA:34,0
DA:38,3
DA:45,3
DA:47,0
DA:48,0
DA:49,0
DA:51,0
DA:54,0
DA:56,0
DA:57,0
DA:58,0
DA:59,0
DA:63,3
DA:64,0
DA:65,0
DA:66,0
DA:68,0
DA:69,0
DA:71,0
DA:75,3
DA:82,3
DA:83,3
DA:87,0
DA:88,0
DA:89,0
DA:90,0
DA:91,0
DA:93,0
DA:98,3
DA:102,0
DA:103,0
DA:117,0
DA:118,0
DA:119,0
DA:121,0
DA:127,3
DA:128,0
DA:129,0
DA:130,0
DA:132,0
DA:134,0
DA:135,0
DA:137,0
DA:141,3
LF:60
LH:16
BRDA:7,0,0,0
BRDA:7,0,1,3
BRDA:31,1,0,0
BRDA:31,1,1,0
BRDA:31,2,0,0
BRDA:31,2,1,0
BRDA:48,3,0,0
BRDA:48,3,1,0
BRDA:58,4,0,0
BRDA:58,4,1,0
BRDA:68,5,0,0
BRDA:68,5,1,0
BRDA:68,6,0,0
BRDA:68,6,1,0
BRDA:90,7,0,0
BRDA:90,7,1,0
BRDA:90,8,0,0
BRDA:90,8,1,0
BRDA:118,9,0,0
BRDA:118,9,1,0
BRDA:118,10,0,0
BRDA:118,10,1,0
BRDA:128,11,0,0
BRDA:128,11,1,0
BRDA:129,12,0,0
BRDA:129,12,1,0
BRDA:134,13,0,0
BRDA:134,13,1,0
BRF:28
BRH:1
end_of_record
TN:
SF:utils/AppError.js
FN:2,(anonymous_0)
FN:12,(anonymous_1)
FN:18,(anonymous_2)
FN:24,(anonymous_3)
FN:30,(anonymous_4)
FNF:5
FNH:0
FNDA:0,(anonymous_0)
FNDA:0,(anonymous_1)
FNDA:0,(anonymous_2)
FNDA:0,(anonymous_3)
FNDA:0,(anonymous_4)
DA:3,0
DA:4,0
DA:5,0
DA:6,0
DA:7,0
DA:13,0
DA:19,0
DA:25,0
DA:31,0
DA:35,3
LF:10
LH:1
BRDA:4,0,0,0
BRDA:4,0,1,0
BRDA:5,1,0,0
BRDA:5,1,1,0
BRDA:12,2,0,0
BRDA:18,3,0,0
BRDA:24,4,0,0
BRDA:30,5,0,0
BRF:8
BRH:0
end_of_record
TN:
SF:utils/asyncHandler.js
FN:1,(anonymous_0)
FN:1,(anonymous_1)
FNF:2
FNH:1
FNDA:12,(anonymous_0)
FNDA:0,(anonymous_1)
DA:1,12
DA:2,0
DA:5,3
LF:3
LH:2
BRF:0
BRH:0
end_of_record
TN:
SF:utils/fcmHelper.js
FN:9,(anonymous_0)
FN:16,(anonymous_1)
FN:74,(anonymous_2)
FNF:3
FNH:0
FNDA:0,(anonymous_0)
FNDA:0,(anonymous_1)
FNDA:0,(anonymous_2)
DA:1,3
DA:9,3
DA:10,0
DA:11,0
DA:12,0
DA:15,0
DA:16,0
DA:18,0
DA:19,0
DA:20,0
DA:24,0
DA:25,0
DA:26,0
DA:29,0
DA:30,0
DA:32,0
DA:49,0
DA:50,0
DA:53,0
DA:70,0
DA:73,0
DA:74,0
DA:75,0
DA:76,0
DA:80,0
DA:83,0
DA:84,0
DA:88,3
LF:28
LH:3
BRDA:9,0,0,0
BRDA:10,1,0,0
BRDA:10,1,1,0
BRDA:15,2,0,0
BRDA:15,2,1,0
BRDA:16,3,0,0
BRDA:16,3,1,0
BRDA:18,4,0,0
BRDA:18,4,1,0
BRDA:30,5,0,0
BRDA:30,5,1,0
BRDA:73,6,0,0
BRDA:73,6,1,0
BRDA:75,7,0,0
BRDA:75,7,1,0
BRF:15
BRH:0
end_of_record
TN:
SF:utils/mailer.js
FN:26,(anonymous_0)
FN:57,(anonymous_1)
FN:82,(anonymous_2)
FNF:3
FNH:0
FNDA:0,(anonymous_0)
FNDA:0,(anonymous_1)
FNDA:0,(anonymous_2)
DA:1,3
DA:2,3
DA:3,3
DA:6,3
DA:9,3
DA:10,3
DA:11,3
DA:15,3
DA:16,0
DA:23,0
DA:26,3
DA:27,0
DA:28,0
DA:29,0
DA:35,0
DA:36,0
DA:37,0
DA:39,0
DA:40,0
DA:42,0
DA:48,0
DA:49,0
DA:52,0
DA:53,0
DA:57,3
DA:58,0
DA:60,0
DA:79,0
DA:82,3
DA:83,0
DA:85,0
DA:104,0
DA:107,3
LF:33
LH:12
BRDA:9,0,0,3
BRDA:9,0,1,0
BRDA:15,1,0,0
BRDA:15,1,1,3
BRDA:28,2,0,0
BRDA:28,2,1,0
BRDA:35,3,0,0
BRDA:35,3,1,0
BRDA:58,4,0,0
BRDA:58,4,1,0
BRDA:83,5,0,0
BRDA:83,5,1,0
BRF:12
BRH:2
end_of_record
